SQL> -- NATURAL JOIN
SQL> -- LEFT OUTER JOIN
SQL> SELECT *
  2  FROM EMP LEFT JOIN DEPT
  3  ON EMP.DEPTNO = DEPT.DEPTNO;

     EMPNO ENAME      JOB              MGR HIREDATE         SAL       COMM     DEPTNO     DEPTNO DNAME          LOC                                                                                     
---------- ---------- --------- ---------- --------- ---------- ---------- ---------- ---------- -------------- -------------                                                                           
      7369 SMITH      CLERK           7902 17-DEC-80        800                    20         20 RESEARCH       DALLAS                                                                                  
      7499 ALLEN      SALESMAN        7698 20-FEB-81       1600        300         30         30 SALES          CHICAGO                                                                                 
      7521 WARD       SALESMAN        7698 22-FEB-81       1250        500         30         30 SALES          CHICAGO                                                                                 
      7566 JONES      MANAGER         7839 02-APR-81       2975                    20         20 RESEARCH       DALLAS                                                                                  
      7654 MARTIN     SALESMAN        7698 28-SEP-81       1250       1400         30         30 SALES          CHICAGO                                                                                 
      7698 BLAKE      MANAGER         7839 01-MAY-81       2850                    30         30 SALES          CHICAGO                                                                                 
      7782 CLARK      MANAGER         7839 09-JUN-81       2450                    10         10 ACCOUNTING     NEW YORK                                                                                
      7788 SCOTT      ANALYST         7566 19-APR-87       3000                    20         20 RESEARCH       DALLAS                                                                                  
      7839 KING       PRESIDENT            17-NOV-81       5000                    10         10 ACCOUNTING     NEW YORK                                                                                
      7844 TURNER     SALESMAN        7698 08-SEP-81       1500          0         30         30 SALES          CHICAGO                                                                                 
      7876 ADAMS      CLERK           7788 23-MAY-87       1100                    20         20 RESEARCH       DALLAS                                                                                  
      7900 JAMES      CLERK           7698 03-DEC-81        950                    30         30 SALES          CHICAGO                                                                                 
      7902 FORD       ANALYST         7566 03-DEC-81       3000                    20         20 RESEARCH       DALLAS                                                                                  
      7934 MILLER     CLERK           7782 23-JAN-82       1300                    10         10 ACCOUNTING     NEW YORK                                                                                

14 rows selected.

SQL> ED
Wrote file afiedt.buf

  1  SELECT *
  2  FROM EMP RIGHT JOIN DEPT
  3* ON EMP.DEPTNO = DEPT.DEPTNO
SQL> /

     EMPNO ENAME      JOB              MGR HIREDATE         SAL       COMM     DEPTNO     DEPTNO DNAME          LOC                                                                                     
---------- ---------- --------- ---------- --------- ---------- ---------- ---------- ---------- -------------- -------------                                                                           
      7782 CLARK      MANAGER         7839 09-JUN-81       2450                    10         10 ACCOUNTING     NEW YORK                                                                                
      7839 KING       PRESIDENT            17-NOV-81       5000                    10         10 ACCOUNTING     NEW YORK                                                                                
      7934 MILLER     CLERK           7782 23-JAN-82       1300                    10         10 ACCOUNTING     NEW YORK                                                                                
      7566 JONES      MANAGER         7839 02-APR-81       2975                    20         20 RESEARCH       DALLAS                                                                                  
      7902 FORD       ANALYST         7566 03-DEC-81       3000                    20         20 RESEARCH       DALLAS                                                                                  
      7876 ADAMS      CLERK           7788 23-MAY-87       1100                    20         20 RESEARCH       DALLAS                                                                                  
      7369 SMITH      CLERK           7902 17-DEC-80        800                    20         20 RESEARCH       DALLAS                                                                                  
      7788 SCOTT      ANALYST         7566 19-APR-87       3000                    20         20 RESEARCH       DALLAS                                                                                  
      7521 WARD       SALESMAN        7698 22-FEB-81       1250        500         30         30 SALES          CHICAGO                                                                                 
      7844 TURNER     SALESMAN        7698 08-SEP-81       1500          0         30         30 SALES          CHICAGO                                                                                 
      7499 ALLEN      SALESMAN        7698 20-FEB-81       1600        300         30         30 SALES          CHICAGO                                                                                 
      7900 JAMES      CLERK           7698 03-DEC-81        950                    30         30 SALES          CHICAGO                                                                                 
      7698 BLAKE      MANAGER         7839 01-MAY-81       2850                    30         30 SALES          CHICAGO                                                                                 
      7654 MARTIN     SALESMAN        7698 28-SEP-81       1250       1400         30         30 SALES          CHICAGO                                                                                 
                                                                                              40 OPERATIONS     BOSTON                                                                                  

15 rows selected.

SQL> SELECT *
  2  FROM DEPT, EMP
  3  WHERE DEPT.DEPTNO = EMP.DEPTNO(+);

    DEPTNO DNAME          LOC                EMPNO ENAME      JOB              MGR HIREDATE         SAL       COMM     DEPTNO                                                                           
---------- -------------- ------------- ---------- ---------- --------- ---------- --------- ---------- ---------- ----------                                                                           
        10 ACCOUNTING     NEW YORK            7782 CLARK      MANAGER         7839 09-JUN-81       2450                    10                                                                           
        10 ACCOUNTING     NEW YORK            7839 KING       PRESIDENT            17-NOV-81       5000                    10                                                                           
        10 ACCOUNTING     NEW YORK            7934 MILLER     CLERK           7782 23-JAN-82       1300                    10                                                                           
        20 RESEARCH       DALLAS              7566 JONES      MANAGER         7839 02-APR-81       2975                    20                                                                           
        20 RESEARCH       DALLAS              7902 FORD       ANALYST         7566 03-DEC-81       3000                    20                                                                           
        20 RESEARCH       DALLAS              7876 ADAMS      CLERK           7788 23-MAY-87       1100                    20                                                                           
        20 RESEARCH       DALLAS              7369 SMITH      CLERK           7902 17-DEC-80        800                    20                                                                           
        20 RESEARCH       DALLAS              7788 SCOTT      ANALYST         7566 19-APR-87       3000                    20                                                                           
        30 SALES          CHICAGO             7521 WARD       SALESMAN        7698 22-FEB-81       1250        500         30                                                                           
        30 SALES          CHICAGO             7844 TURNER     SALESMAN        7698 08-SEP-81       1500          0         30                                                                           
        30 SALES          CHICAGO             7499 ALLEN      SALESMAN        7698 20-FEB-81       1600        300         30                                                                           
        30 SALES          CHICAGO             7900 JAMES      CLERK           7698 03-DEC-81        950                    30                                                                           
        30 SALES          CHICAGO             7698 BLAKE      MANAGER         7839 01-MAY-81       2850                    30                                                                           
        30 SALES          CHICAGO             7654 MARTIN     SALESMAN        7698 28-SEP-81       1250       1400         30                                                                           
        40 OPERATIONS     BOSTON                                                                                                                                                                        

15 rows selected.

SQL> INSERT INTO EMP
  2  (EMPNO, ENAME) VALUES(1001,'NIBDA');

1 row created.

SQL> SELECT * FROM EMP;

     EMPNO ENAME      JOB              MGR HIREDATE         SAL       COMM     DEPTNO                                                                                                                   
---------- ---------- --------- ---------- --------- ---------- ---------- ----------                                                                                                                   
      1001 NIBDA                                                                                                                                                                                        
      7369 SMITH      CLERK           7902 17-DEC-80        800                    20                                                                                                                   
      7499 ALLEN      SALESMAN        7698 20-FEB-81       1600        300         30                                                                                                                   
      7521 WARD       SALESMAN        7698 22-FEB-81       1250        500         30                                                                                                                   
      7566 JONES      MANAGER         7839 02-APR-81       2975                    20                                                                                                                   
      7654 MARTIN     SALESMAN        7698 28-SEP-81       1250       1400         30                                                                                                                   
      7698 BLAKE      MANAGER         7839 01-MAY-81       2850                    30                                                                                                                   
      7782 CLARK      MANAGER         7839 09-JUN-81       2450                    10                                                                                                                   
      7788 SCOTT      ANALYST         7566 19-APR-87       3000                    20                                                                                                                   
      7839 KING       PRESIDENT            17-NOV-81       5000                    10                                                                                                                   
      7844 TURNER     SALESMAN        7698 08-SEP-81       1500          0         30                                                                                                                   
      7876 ADAMS      CLERK           7788 23-MAY-87       1100                    20                                                                                                                   
      7900 JAMES      CLERK           7698 03-DEC-81        950                    30                                                                                                                   
      7902 FORD       ANALYST         7566 03-DEC-81       3000                    20                                                                                                                   
      7934 MILLER     CLERK           7782 23-JAN-82       1300                    10                                                                                                                   

15 rows selected.

SQL> autoprint OFF
autorecovery OFF
blockterminator "." (hex 2e)
cmdsep OFF
compatibility version NATIVE
concat "." (hex 2e)
wrap : lines will be wrapped
verify ON
INSERT INTO EMP(EMPNO, ENAME, DEPTNO) VALUES(1002, 'NIBDI', 50);
INSERT INTO EMP(EMPNO, ENAME, DEPTNO) VALUES(1002, 'NIBDI', 50)
*
ERROR at line 1:
ORA-02291: integrity constraint (SCOTT.FK_DEPTNO) violated - parent key not found 


SQL> SELECT *
  2  FROM EMP, DEPT
  3  WHERE EMP.DEPTNO = DEPT.DEPTNO(+);

     EMPNO ENAME      JOB              MGR HIREDATE         SAL       COMM     DEPTNO     DEPTNO DNAME          LOC                                                                                     
---------- ---------- --------- ---------- --------- ---------- ---------- ---------- ---------- -------------- -------------                                                                           
      1001 NIBDA                                                                                                                                                                                        
      7369 SMITH      CLERK           7902 17-DEC-80        800                    20         20 RESEARCH       DALLAS                                                                                  
      7499 ALLEN      SALESMAN        7698 20-FEB-81       1600        300         30         30 SALES          CHICAGO                                                                                 
      7521 WARD       SALESMAN        7698 22-FEB-81       1250        500         30         30 SALES          CHICAGO                                                                                 
      7566 JONES      MANAGER         7839 02-APR-81       2975                    20         20 RESEARCH       DALLAS                                                                                  
      7654 MARTIN     SALESMAN        7698 28-SEP-81       1250       1400         30         30 SALES          CHICAGO                                                                                 
      7698 BLAKE      MANAGER         7839 01-MAY-81       2850                    30         30 SALES          CHICAGO                                                                                 
      7782 CLARK      MANAGER         7839 09-JUN-81       2450                    10         10 ACCOUNTING     NEW YORK                                                                                
      7788 SCOTT      ANALYST         7566 19-APR-87       3000                    20         20 RESEARCH       DALLAS                                                                                  
      7839 KING       PRESIDENT            17-NOV-81       5000                    10         10 ACCOUNTING     NEW YORK                                                                                
      7844 TURNER     SALESMAN        7698 08-SEP-81       1500          0         30         30 SALES          CHICAGO                                                                                 
      7876 ADAMS      CLERK           7788 23-MAY-87       1100                    20         20 RESEARCH       DALLAS                                                                                  
      7900 JAMES      CLERK           7698 03-DEC-81        950                    30         30 SALES          CHICAGO                                                                                 
      7902 FORD       ANALYST         7566 03-DEC-81       3000                    20         20 RESEARCH       DALLAS                                                                                  
      7934 MILLER     CLERK           7782 23-JAN-82       1300                    10         10 ACCOUNTING     NEW YORK                                                                                

15 rows selected.

SQL> ED
Wrote file afiedt.buf

  1  SELECT *
  2  FROM EMP, DEPT
  3* WHERE DEPT.DEPTNO = EMP.DEPTNO(+)
SQL> /

     EMPNO ENAME      JOB              MGR HIREDATE         SAL       COMM     DEPTNO     DEPTNO DNAME          LOC                                                                                     
---------- ---------- --------- ---------- --------- ---------- ---------- ---------- ---------- -------------- -------------                                                                           
      7839 KING       PRESIDENT            17-NOV-81       5000                    10         10 ACCOUNTING     NEW YORK                                                                                
      7934 MILLER     CLERK           7782 23-JAN-82       1300                    10         10 ACCOUNTING     NEW YORK                                                                                
      7782 CLARK      MANAGER         7839 09-JUN-81       2450                    10         10 ACCOUNTING     NEW YORK                                                                                
      7369 SMITH      CLERK           7902 17-DEC-80        800                    20         20 RESEARCH       DALLAS                                                                                  
      7902 FORD       ANALYST         7566 03-DEC-81       3000                    20         20 RESEARCH       DALLAS                                                                                  
      7876 ADAMS      CLERK           7788 23-MAY-87       1100                    20         20 RESEARCH       DALLAS                                                                                  
      7788 SCOTT      ANALYST         7566 19-APR-87       3000                    20         20 RESEARCH       DALLAS                                                                                  
      7566 JONES      MANAGER         7839 02-APR-81       2975                    20         20 RESEARCH       DALLAS                                                                                  
      7900 JAMES      CLERK           7698 03-DEC-81        950                    30         30 SALES          CHICAGO                                                                                 
      7499 ALLEN      SALESMAN        7698 20-FEB-81       1600        300         30         30 SALES          CHICAGO                                                                                 
      7698 BLAKE      MANAGER         7839 01-MAY-81       2850                    30         30 SALES          CHICAGO                                                                                 
      7654 MARTIN     SALESMAN        7698 28-SEP-81       1250       1400         30         30 SALES          CHICAGO                                                                                 
      7844 TURNER     SALESMAN        7698 08-SEP-81       1500          0         30         30 SALES          CHICAGO                                                                                 
      7521 WARD       SALESMAN        7698 22-FEB-81       1250        500         30         30 SALES          CHICAGO                                                                                 
                                                                                              40 OPERATIONS     BOSTON                                                                                  

15 rows selected.

SQL> ED
Wrote file afiedt.buf

  1  SELECT *
  2  FROM EMP, DEPT
  3* WHERE EMP.DEPTNO(+) = DEPT.DEPTNO(+)
SQL> /
WHERE EMP.DEPTNO(+) = DEPT.DEPTNO(+)
                    *
ERROR at line 3:
ORA-01468: a predicate may reference only one outer-joined table 


SQL> ED
Wrote file afiedt.buf

  1  SELECT *
  2  FROM EMP FULL JOIN DEPT
  3* WHERE EMP.DEPTNO = DEPT.DEPTNO
SQL> /
WHERE EMP.DEPTNO = DEPT.DEPTNO
*
ERROR at line 3:
ORA-00905: missing keyword 


SQL> ED
Wrote file afiedt.buf

  1  SELECT *
  2  FROM EMP FULL JOIN DEPT
  3* ON EMP.DEPTNO = DEPT.DEPTNO
SQL> /

     EMPNO ENAME      JOB              MGR HIREDATE         SAL       COMM     DEPTNO     DEPTNO DNAME          LOC                                                                                     
---------- ---------- --------- ---------- --------- ---------- ---------- ---------- ---------- -------------- -------------                                                                           
      1001 NIBDA                                                                                                                                                                                        
      7369 SMITH      CLERK           7902 17-DEC-80        800                    20         20 RESEARCH       DALLAS                                                                                  
      7499 ALLEN      SALESMAN        7698 20-FEB-81       1600        300         30         30 SALES          CHICAGO                                                                                 
      7521 WARD       SALESMAN        7698 22-FEB-81       1250        500         30         30 SALES          CHICAGO                                                                                 
      7566 JONES      MANAGER         7839 02-APR-81       2975                    20         20 RESEARCH       DALLAS                                                                                  
      7654 MARTIN     SALESMAN        7698 28-SEP-81       1250       1400         30         30 SALES          CHICAGO                                                                                 
      7698 BLAKE      MANAGER         7839 01-MAY-81       2850                    30         30 SALES          CHICAGO                                                                                 
      7782 CLARK      MANAGER         7839 09-JUN-81       2450                    10         10 ACCOUNTING     NEW YORK                                                                                
      7788 SCOTT      ANALYST         7566 19-APR-87       3000                    20         20 RESEARCH       DALLAS                                                                                  
      7839 KING       PRESIDENT            17-NOV-81       5000                    10         10 ACCOUNTING     NEW YORK                                                                                
      7844 TURNER     SALESMAN        7698 08-SEP-81       1500          0         30         30 SALES          CHICAGO                                                                                 
      7876 ADAMS      CLERK           7788 23-MAY-87       1100                    20         20 RESEARCH       DALLAS                                                                                  
      7900 JAMES      CLERK           7698 03-DEC-81        950                    30         30 SALES          CHICAGO                                                                                 
      7902 FORD       ANALYST         7566 03-DEC-81       3000                    20         20 RESEARCH       DALLAS                                                                                  
      7934 MILLER     CLERK           7782 23-JAN-82       1300                    10         10 ACCOUNTING     NEW YORK                                                                                
                                                                                              40 OPERATIONS     BOSTON                                                                                  

16 rows selected.

SQL> ED
Wrote file afiedt.buf

  1  SELECT *
  2  FROM EMP, DEPT
  3* WHERE EMP.DEPTNO(+) = DEPT.DEPTNO
SQL> /

     EMPNO ENAME      JOB              MGR HIREDATE         SAL       COMM     DEPTNO     DEPTNO DNAME          LOC                                                                                     
---------- ---------- --------- ---------- --------- ---------- ---------- ---------- ---------- -------------- -------------                                                                           
      7839 KING       PRESIDENT            17-NOV-81       5000                    10         10 ACCOUNTING     NEW YORK                                                                                
      7934 MILLER     CLERK           7782 23-JAN-82       1300                    10         10 ACCOUNTING     NEW YORK                                                                                
      7782 CLARK      MANAGER         7839 09-JUN-81       2450                    10         10 ACCOUNTING     NEW YORK                                                                                
      7369 SMITH      CLERK           7902 17-DEC-80        800                    20         20 RESEARCH       DALLAS                                                                                  
      7902 FORD       ANALYST         7566 03-DEC-81       3000                    20         20 RESEARCH       DALLAS                                                                                  
      7876 ADAMS      CLERK           7788 23-MAY-87       1100                    20         20 RESEARCH       DALLAS                                                                                  
      7788 SCOTT      ANALYST         7566 19-APR-87       3000                    20         20 RESEARCH       DALLAS                                                                                  
      7566 JONES      MANAGER         7839 02-APR-81       2975                    20         20 RESEARCH       DALLAS                                                                                  
      7900 JAMES      CLERK           7698 03-DEC-81        950                    30         30 SALES          CHICAGO                                                                                 
      7499 ALLEN      SALESMAN        7698 20-FEB-81       1600        300         30         30 SALES          CHICAGO                                                                                 
      7698 BLAKE      MANAGER         7839 01-MAY-81       2850                    30         30 SALES          CHICAGO                                                                                 
      7654 MARTIN     SALESMAN        7698 28-SEP-81       1250       1400         30         30 SALES          CHICAGO                                                                                 
      7844 TURNER     SALESMAN        7698 08-SEP-81       1500          0         30         30 SALES          CHICAGO                                                                                 
      7521 WARD       SALESMAN        7698 22-FEB-81       1250        500         30         30 SALES          CHICAGO                                                                                 
                                                                                              40 OPERATIONS     BOSTON                                                                                  

15 rows selected.

SQL> SELECT *
  2  FROM EMP FULL JOIN
  3  ON EMP.DEPTNO = DEPT.DEPTNO;
ON EMP.DEPTNO = DEPT.DEPTNO
*
ERROR at line 3:
ORA-00903: invalid table name 


SQL> ED
Wrote file afiedt.buf

  1  SELECT *
  2  FROM EMP FULL JOIN DEPT
  3* ON EMP.DEPTNO = DEPT.DEPTNO
SQL> /

     EMPNO ENAME      JOB              MGR HIREDATE         SAL       COMM     DEPTNO     DEPTNO DNAME          LOC                                                                                     
---------- ---------- --------- ---------- --------- ---------- ---------- ---------- ---------- -------------- -------------                                                                           
      1001 NIBDA                                                                                                                                                                                        
      7369 SMITH      CLERK           7902 17-DEC-80        800                    20         20 RESEARCH       DALLAS                                                                                  
      7499 ALLEN      SALESMAN        7698 20-FEB-81       1600        300         30         30 SALES          CHICAGO                                                                                 
      7521 WARD       SALESMAN        7698 22-FEB-81       1250        500         30         30 SALES          CHICAGO                                                                                 
      7566 JONES      MANAGER         7839 02-APR-81       2975                    20         20 RESEARCH       DALLAS                                                                                  
      7654 MARTIN     SALESMAN        7698 28-SEP-81       1250       1400         30         30 SALES          CHICAGO                                                                                 
      7698 BLAKE      MANAGER         7839 01-MAY-81       2850                    30         30 SALES          CHICAGO                                                                                 
      7782 CLARK      MANAGER         7839 09-JUN-81       2450                    10         10 ACCOUNTING     NEW YORK                                                                                
      7788 SCOTT      ANALYST         7566 19-APR-87       3000                    20         20 RESEARCH       DALLAS                                                                                  
      7839 KING       PRESIDENT            17-NOV-81       5000                    10         10 ACCOUNTING     NEW YORK                                                                                
      7844 TURNER     SALESMAN        7698 08-SEP-81       1500          0         30         30 SALES          CHICAGO                                                                                 
      7876 ADAMS      CLERK           7788 23-MAY-87       1100                    20         20 RESEARCH       DALLAS                                                                                  
      7900 JAMES      CLERK           7698 03-DEC-81        950                    30         30 SALES          CHICAGO                                                                                 
      7902 FORD       ANALYST         7566 03-DEC-81       3000                    20         20 RESEARCH       DALLAS                                                                                  
      7934 MILLER     CLERK           7782 23-JAN-82       1300                    10         10 ACCOUNTING     NEW YORK                                                                                
                                                                                              40 OPERATIONS     BOSTON                                                                                  

16 rows selected.

SQL> SELECT*
  2  FROM EMP E, EMP T
  3  WHERE E.COMM = T.COMM;

     EMPNO ENAME      JOB              MGR HIREDATE         SAL       COMM     DEPTNO      EMPNO ENAME      JOB              MGR HIREDATE         SAL       COMM     DEPTNO                             
---------- ---------- --------- ---------- --------- ---------- ---------- ---------- ---------- ---------- --------- ---------- --------- ---------- ---------- ----------                             
      7499 ALLEN      SALESMAN        7698 20-FEB-81       1600        300         30       7499 ALLEN      SALESMAN        7698 20-FEB-81       1600        300         30                             
      7521 WARD       SALESMAN        7698 22-FEB-81       1250        500         30       7521 WARD       SALESMAN        7698 22-FEB-81       1250        500         30                             
      7654 MARTIN     SALESMAN        7698 28-SEP-81       1250       1400         30       7654 MARTIN     SALESMAN        7698 28-SEP-81       1250       1400         30                             
      7844 TURNER     SALESMAN        7698 08-SEP-81       1500          0         30       7844 TURNER     SALESMAN        7698 08-SEP-81       1500          0         30                             

SQL> SELECT E.ENAME, T.MGR
  2  FROM EMP E, EMP T
  3  WHERE E.MGR = T.EMPNO;

ENAME             MGR                                                                                                                                                                                   
---------- ----------                                                                                                                                                                                   
SMITH            7566                                                                                                                                                                                   
ALLEN            7839                                                                                                                                                                                   
WARD             7839                                                                                                                                                                                   
JONES                                                                                                                                                                                                   
MARTIN           7839                                                                                                                                                                                   
BLAKE                                                                                                                                                                                                   
CLARK                                                                                                                                                                                                   
SCOTT            7839                                                                                                                                                                                   
TURNER           7839                                                                                                                                                                                   
ADAMS            7566                                                                                                                                                                                   
JAMES            7839                                                                                                                                                                                   
FORD             7839                                                                                                                                                                                   
MILLER           7839                                                                                                                                                                                   

13 rows selected.

SQL> ED
Wrote file afiedt.buf

  1  SELECT E.ENAME, T.MGR, T.ENAME
  2  FROM EMP E, EMP T
  3* WHERE E.MGR = T.EMPNO
SQL> /

ENAME             MGR ENAME                                                                                                                                                                             
---------- ---------- ----------                                                                                                                                                                        
SMITH            7566 FORD                                                                                                                                                                              
ALLEN            7839 BLAKE                                                                                                                                                                             
WARD             7839 BLAKE                                                                                                                                                                             
JONES                 KING                                                                                                                                                                              
MARTIN           7839 BLAKE                                                                                                                                                                             
BLAKE                 KING                                                                                                                                                                              
CLARK                 KING                                                                                                                                                                              
SCOTT            7839 JONES                                                                                                                                                                             
TURNER           7839 BLAKE                                                                                                                                                                             
ADAMS            7566 SCOTT                                                                                                                                                                             
JAMES            7839 BLAKE                                                                                                                                                                             
FORD             7839 JONES                                                                                                                                                                             
MILLER           7839 CLARK                                                                                                                                                                             

13 rows selected.

SQL> ED
Wrote file afiedt.buf

  1  SELECT E.ENAME, T.ENAME
  2  FROM EMP E, EMP T
  3* WHERE E.MGR = T.EMPNO
SQL> /

ENAME      ENAME                                                                                                                                                                                        
---------- ----------                                                                                                                                                                                   
SMITH      FORD                                                                                                                                                                                         
ALLEN      BLAKE                                                                                                                                                                                        
WARD       BLAKE                                                                                                                                                                                        
JONES      KING                                                                                                                                                                                         
MARTIN     BLAKE                                                                                                                                                                                        
BLAKE      KING                                                                                                                                                                                         
CLARK      KING                                                                                                                                                                                         
SCOTT      JONES                                                                                                                                                                                        
TURNER     BLAKE                                                                                                                                                                                        
ADAMS      SCOTT                                                                                                                                                                                        
JAMES      BLAKE                                                                                                                                                                                        
FORD       JONES                                                                                                                                                                                        
MILLER     CLARK                                                                                                                                                                                        

13 rows selected.

SQL> SELECT E.ENAME, T.ENAME
  2  FROM EMP E, EMP T
  3  WHERE E.MGR = T.EMPNO;

ENAME      ENAME                                                                                                                                                                                        
---------- ----------                                                                                                                                                                                   
SMITH      FORD                                                                                                                                                                                         
ALLEN      BLAKE                                                                                                                                                                                        
WARD       BLAKE                                                                                                                                                                                        
JONES      KING                                                                                                                                                                                         
MARTIN     BLAKE                                                                                                                                                                                        
BLAKE      KING                                                                                                                                                                                         
CLARK      KING                                                                                                                                                                                         
SCOTT      JONES                                                                                                                                                                                        
TURNER     BLAKE                                                                                                                                                                                        
ADAMS      SCOTT                                                                                                                                                                                        
JAMES      BLAKE                                                                                                                                                                                        
FORD       JONES                                                                                                                                                                                        
MILLER     CLARK                                                                                                                                                                                        

13 rows selected.

SQL> ED
Wrote file afiedt.buf

  1  SELECT E.ENAME, T.ENAME
  2  FROM EMP E, EMP T
  3* WHERE E.MGR = T.EMPNO && T.SAL > 2000
SQL> /
Enter value for t: 6777
old   3: WHERE E.MGR = T.EMPNO && T.SAL > 2000
new   3: WHERE E.MGR = T.EMPNO 6777SAL > 2000
WHERE E.MGR = T.EMPNO 6777SAL > 2000
                      *
ERROR at line 3:
ORA-00933: SQL command not properly ended 


SQL> ED
Wrote file afiedt.buf

  1  SELECT E.ENAME, T.ENAME
  2  FROM EMP E, EMP T
  3* WHERE E.MGR = T.EMPNO AND T.SAL > 2000
SQL> /

ENAME      ENAME                                                                                                                                                                                        
---------- ----------                                                                                                                                                                                   
SMITH      FORD                                                                                                                                                                                         
ALLEN      BLAKE                                                                                                                                                                                        
WARD       BLAKE                                                                                                                                                                                        
JONES      KING                                                                                                                                                                                         
MARTIN     BLAKE                                                                                                                                                                                        
BLAKE      KING                                                                                                                                                                                         
CLARK      KING                                                                                                                                                                                         
SCOTT      JONES                                                                                                                                                                                        
TURNER     BLAKE                                                                                                                                                                                        
ADAMS      SCOTT                                                                                                                                                                                        
JAMES      BLAKE                                                                                                                                                                                        
FORD       JONES                                                                                                                                                                                        
MILLER     CLARK                                                                                                                                                                                        

13 rows selected.

SQL> ED
Wrote file afiedt.buf

  1  SELECT E.ENAME, T.ENAME, T.SAL
  2  FROM EMP E, EMP T
  3* WHERE E.MGR = T.EMPNO AND T.SAL > 2000
SQL> /

ENAME      ENAME             SAL                                                                                                                                                                        
---------- ---------- ----------                                                                                                                                                                        
SMITH      FORD             3000                                                                                                                                                                        
ALLEN      BLAKE            2850                                                                                                                                                                        
WARD       BLAKE            2850                                                                                                                                                                        
JONES      KING             5000                                                                                                                                                                        
MARTIN     BLAKE            2850                                                                                                                                                                        
BLAKE      KING             5000                                                                                                                                                                        
CLARK      KING             5000                                                                                                                                                                        
SCOTT      JONES            2975                                                                                                                                                                        
TURNER     BLAKE            2850                                                                                                                                                                        
ADAMS      SCOTT            3000                                                                                                                                                                        
JAMES      BLAKE            2850                                                                                                                                                                        
FORD       JONES            2975                                                                                                                                                                        
MILLER     CLARK            2450                                                                                                                                                                        

13 rows selected.

SQL> ED
Wrote file afiedt.buf

  1  SELECT E.ENAME, T.ENAME, T.SAL
  2  FROM EMP E, EMP T
  3* WHERE E.MGR = T.EMPNO AND T.SAL > 3000
SQL> /

ENAME      ENAME             SAL                                                                                                                                                                        
---------- ---------- ----------                                                                                                                                                                        
JONES      KING             5000                                                                                                                                                                        
BLAKE      KING             5000                                                                                                                                                                        
CLARK      KING             5000                                                                                                                                                                        

SQL> ED
Wrote file afiedt.buf

  1  SELECT E.ENAME, T.ENAME
  2  FROM EMP E, EMP T
  3* WHERE E.EMPNO = T.MGR 
SQL> /

ENAME      ENAME                                                                                                                                                                                        
---------- ----------                                                                                                                                                                                   
FORD       SMITH                                                                                                                                                                                        
BLAKE      ALLEN                                                                                                                                                                                        
BLAKE      WARD                                                                                                                                                                                         
KING       JONES                                                                                                                                                                                        
BLAKE      MARTIN                                                                                                                                                                                       
KING       BLAKE                                                                                                                                                                                        
KING       CLARK                                                                                                                                                                                        
JONES      SCOTT                                                                                                                                                                                        
BLAKE      TURNER                                                                                                                                                                                       
SCOTT      ADAMS                                                                                                                                                                                        
BLAKE      JAMES                                                                                                                                                                                        
JONES      FORD                                                                                                                                                                                         
CLARK      MILLER                                                                                                                                                                                       

13 rows selected.

SQL> ed
Wrote file afiedt.buf

  1  SELECT E.ENAME, T.ENAME
  2  FROM EMP E, EMP T
  3* WHERE E.MGR = T.ENAME AND E.ENAME = 'SCOTT'
SQL> /
WHERE E.MGR = T.ENAME AND E.ENAME = 'SCOTT'
              *
ERROR at line 3:
ORA-01722: invalid number 


SQL> ED
Wrote file afiedt.buf

  1  SELECT E.ENAME, T.ENAME
  2  FROM EMP E, EMP T
  3* WHERE E.ENAME = T.MGR AND E.ENAME = 'SCOTT'
SQL> /
WHERE E.ENAME = T.MGR AND E.ENAME = 'SCOTT'
      *
ERROR at line 3:
ORA-01722: invalid number 


SQL> ED
Wrote file afiedt.buf

  1  SELECT E.ENAME, T.ENAME
  2  FROM EMP E, EMP T
  3* WHERE E.MGR = T.ENAME AND E.ENAME = 'SCOTT'
SQL> /
WHERE E.MGR = T.ENAME AND E.ENAME = 'SCOTT'
              *
ERROR at line 3:
ORA-01722: invalid number 


SQL> ED
Wrote file afiedt.buf

  1  SELECT E.ENAME, T.ENAME
  2  FROM EMP E, EMP T
  3* WHERE E.MGR = T.EMPNO AND E.ENAME = 'SCOTT'
SQL> /

ENAME      ENAME                                                                                                                                                                                        
---------- ----------                                                                                                                                                                                   
SCOTT      JONES                                                                                                                                                                                        

SQL> ed
Wrote file afiedt.buf

  1  SELECT E.ENAME, T.ENAME, M.ENAME
  2  FROM EMP E, EMP T, EMP M
  3* WHERE E.MGR = T.EMPNO AND T.MGR = M.EMPNO AND E.ENAME = 'SMITH'
SQL> /

ENAME      ENAME      ENAME                                                                                                                                                                             
---------- ---------- ----------                                                                                                                                                                        
SMITH      FORD       JONES                                                                                                                                                                             

SQL> ed
Wrote file afiedt.buf

  1  SELECT E.ENAME, T.ENAME
  2  FROM EMP E, EMP T
  3* WHERE E.MGR = T.EMPNO AND E.SAL > T.SAL
SQL> /

ENAME      ENAME                                                                                                                                                                                        
---------- ----------                                                                                                                                                                                   
SCOTT      JONES                                                                                                                                                                                        
FORD       JONES                                                                                                                                                                                        

SQL> ed
Wrote file afiedt.buf

  1  SELECT E.ENAME, D.DNAME, T.ENAME, M.DNAME
  2  FROM EMP E, DEPT D, EMP T , DEPT M
  3  WHERE E.DEPTNO = D.DEPTNO AND
  4  T.DEPTNO = M.DEPTNO AND
  5* E.MGR = T.EMPNO
SQL> /

ENAME      DNAME          ENAME      DNAME                                                                                                                                                              
---------- -------------- ---------- --------------                                                                                                                                                     
SMITH      RESEARCH       FORD       RESEARCH                                                                                                                                                           
ALLEN      SALES          BLAKE      SALES                                                                                                                                                              
WARD       SALES          BLAKE      SALES                                                                                                                                                              
JONES      RESEARCH       KING       ACCOUNTING                                                                                                                                                         
MARTIN     SALES          BLAKE      SALES                                                                                                                                                              
BLAKE      SALES          KING       ACCOUNTING                                                                                                                                                         
CLARK      ACCOUNTING     KING       ACCOUNTING                                                                                                                                                         
SCOTT      RESEARCH       JONES      RESEARCH                                                                                                                                                           
TURNER     SALES          BLAKE      SALES                                                                                                                                                              
ADAMS      RESEARCH       SCOTT      RESEARCH                                                                                                                                                           
JAMES      SALES          BLAKE      SALES                                                                                                                                                              
FORD       RESEARCH       JONES      RESEARCH                                                                                                                                                           
MILLER     ACCOUNTING     CLARK      ACCOUNTING                                                                                                                                                         

13 rows selected.

SQL> ed
Wrote file afiedt.buf

  1  SELECT E.ENAME, D.DNAME, T.ENAME, M.DNAME
  2  FROM EMP E, DEPT D, EMP T , DEPT M
  3  WHERE E.DEPTNO = D.DEPTNO AND
  4  T.DEPTNO = M.DEPTNO AND
  5  E.MGR = T.EMPNO AND
  6* D.LOC = M.LOC
SQL> /

ENAME      DNAME          ENAME      DNAME                                                                                                                                                              
---------- -------------- ---------- --------------                                                                                                                                                     
SMITH      RESEARCH       FORD       RESEARCH                                                                                                                                                           
ALLEN      SALES          BLAKE      SALES                                                                                                                                                              
WARD       SALES          BLAKE      SALES                                                                                                                                                              
MARTIN     SALES          BLAKE      SALES                                                                                                                                                              
CLARK      ACCOUNTING     KING       ACCOUNTING                                                                                                                                                         
SCOTT      RESEARCH       JONES      RESEARCH                                                                                                                                                           
TURNER     SALES          BLAKE      SALES                                                                                                                                                              
ADAMS      RESEARCH       SCOTT      RESEARCH                                                                                                                                                           
JAMES      SALES          BLAKE      SALES                                                                                                                                                              
FORD       RESEARCH       JONES      RESEARCH                                                                                                                                                           
MILLER     ACCOUNTING     CLARK      ACCOUNTING                                                                                                                                                         

11 rows selected.

SQL> spool off;
