SQL> select *
  2  from emp;

     EMPNO ENAME      JOB              MGR HIREDATE         SAL       COMM     DEPTNO                                                                                                                   
---------- ---------- --------- ---------- --------- ---------- ---------- ----------                                                                                                                   
      7369 SMITH      CLERK           7902 17-DEC-80        800                    20                                                                                                                   
      7499 ALLEN      SALESMAN        7698 20-FEB-81       1600        300         30                                                                                                                   
      7521 WARD       SALESMAN        7698 22-FEB-81       1250        500         30                                                                                                                   
      7566 JONES      MANAGER         7839 02-APR-81       2975                    20                                                                                                                   
      7654 MARTIN     SALESMAN        7698 28-SEP-81       1250       1400         30                                                                                                                   
      7698 BLAKE      MANAGER         7839 01-MAY-81       2850                    30                                                                                                                   
      7782 CLARK      MANAGER         7839 09-JUN-81       2450                    10                                                                                                                   
      7788 SCOTT      ANALYST         7566 19-APR-87       3000                    20                                                                                                                   
      7839 KING       PRESIDENT            17-NOV-81       5000                    10                                                                                                                   
      7844 TURNER     SALESMAN        7698 08-SEP-81       1500          0         30                                                                                                                   
      7876 ADAMS      CLERK           7788 23-MAY-87       1100                    20                                                                                                                   
      7900 JAMES      CLERK           7698 03-DEC-81        950                    30                                                                                                                   
      7902 FORD       ANALYST         7566 03-DEC-81       3000                    20                                                                                                                   
      7934 MILLER     CLERK           7782 23-JAN-82       1300                    10                                                                                                                   

14 rows selected.

SQL> ed
Wrote file afiedt.buf

  1  SELECT *
  2  FROM EMP
  3* WHERE SAL > (SELECT SAL FROM EMP WHERE (SELECT MGR FROM EMP WHERE ENAME = "SCOTT") AND SAL < (SELECT SAL FROM EMP WHERE (SELECT MGR FROM EMP WHERE ENAME = "ALLEN")
SQL> /
WHERE SAL > (SELECT SAL FROM EMP WHERE (SELECT MGR FROM EMP WHERE ENAME = "SCOTT") AND SAL < (SELECT SAL FROM EMP WHERE (SELECT MGR FROM EMP WHERE ENAME = "ALLEN")
             *
ERROR at line 3:
ORA-00921: unexpected end of SQL command 


SQL> ED
Wrote file afiedt.buf

  1  SELECT *
  2  FROM EMP
  3* WHERE SAL > (SELECT SAL FROM EMP WHERE (SELECT MGR FROM EMP WHERE ENAME = "SCOTT")) AND SAL < (SELECT SAL FROM EMP WHERE (SELECT MGR FROM EMP WHERE ENAME = "ALLEN"))
SQL> /
WHERE SAL > (SELECT SAL FROM EMP WHERE (SELECT MGR FROM EMP WHERE ENAME = "SCOTT")) AND SAL < (SELECT SAL FROM EMP WHERE (SELECT MGR FROM EMP WHERE ENAME = "ALLEN"))
                                                                                  *
ERROR at line 3:
ORA-00936: missing expression 


SQL> ed
Wrote file afiedt.buf

  1  SELECT *
  2  FROM EMP
  3* WHERE SAL > (SELECT SAL FROM EMP WHERE MGR = (SELECT MGR FROM EMP WHERE ENAME = "SCOTT")) AND SAL < (SELECT SAL FROM EMP WHERE MGR = (SELECT MGR FROM EMP WHERE ENAME = "BLAKE"))
SQL> /
WHERE SAL > (SELECT SAL FROM EMP WHERE MGR = (SELECT MGR FROM EMP WHERE ENAME = "SCOTT")) AND SAL < (SELECT SAL FROM EMP WHERE MGR = (SELECT MGR FROM EMP WHERE ENAME = "BLAKE"))
                                                                                *
ERROR at line 3:
ORA-00904: "SCOTT": invalid identifier 


SQL> ED
Wrote file afiedt.buf

  1  SELECT *
  2  FROM EMP
  3* WHERE SAL > (SELECT SAL FROM EMP WHERE EMPNO = (SELECT MGR FROM EMP WHERE ENAME = "SCOTT")) AND SAL < (SELECT SAL FROM EMP WHERE EMPNO = (SELECT MGR FROM EMP WHERE ENAME = "BLAKE"))
SQL> /
WHERE SAL > (SELECT SAL FROM EMP WHERE EMPNO = (SELECT MGR FROM EMP WHERE ENAME = "SCOTT")) AND SAL < (SELECT SAL FROM EMP WHERE EMPNO = (SELECT MGR FROM EMP WHERE ENAME = "BLAKE"))
                                                                                  *
ERROR at line 3:
ORA-00904: "SCOTT": invalid identifier 


SQL> ED
Wrote file afiedt.buf

  1  SELECT *
  2  FROM EMP
  3* WHERE SAL > (SELECT SAL FROM EMP WHERE EMPNO = (SELECT MGR FROM EMP WHERE ENAME = 'SCOTT')) AND SAL < (SELECT SAL FROM EMP WHERE EMPNO = (SELECT MGR FROM EMP WHERE ENAME = 'BLAKE'))
SQL> /

     EMPNO ENAME      JOB              MGR HIREDATE         SAL       COMM     DEPTNO                                                                                                                   
---------- ---------- --------- ---------- --------- ---------- ---------- ----------                                                                                                                   
      7788 SCOTT      ANALYST         7566 19-APR-87       3000                    20                                                                                                                   
      7902 FORD       ANALYST         7566 03-DEC-81       3000                    20                                                                                                                   

SQL> ed
Wrote file afiedt.buf

  1  SELECT *
  2  FROM EMP
  3  WHERE SAL > (SELECT SAL FROM EMP WHERE EMPNO = (SELECT MGR FROM EMP WHERE ENAME = 'SCOTT')) 
  4  AND 
  5* SAL < (SELECT SAL FROM EMP WHERE EMPNO = (SELECT MGR FROM EMP WHERE ENAME = 'BLAKE'))
SQL> /

     EMPNO ENAME      JOB              MGR HIREDATE         SAL       COMM     DEPTNO                                                                                                                   
---------- ---------- --------- ---------- --------- ---------- ---------- ----------                                                                                                                   
      7788 SCOTT      ANALYST         7566 19-APR-87       3000                    20                                                                                                                   
      7902 FORD       ANALYST         7566 03-DEC-81       3000                    20                                                                                                                   

SQL> SELECT ROWID
  2  FROM EMP;

ROWID                                                                                                                                                                                                   
------------------                                                                                                                                                                                      
AAAMfPAAEAAAAAgAAA                                                                                                                                                                                      
AAAMfPAAEAAAAAgAAB                                                                                                                                                                                      
AAAMfPAAEAAAAAgAAC                                                                                                                                                                                      
AAAMfPAAEAAAAAgAAD                                                                                                                                                                                      
AAAMfPAAEAAAAAgAAE                                                                                                                                                                                      
AAAMfPAAEAAAAAgAAF                                                                                                                                                                                      
AAAMfPAAEAAAAAgAAG                                                                                                                                                                                      
AAAMfPAAEAAAAAgAAH                                                                                                                                                                                      
AAAMfPAAEAAAAAgAAI                                                                                                                                                                                      
AAAMfPAAEAAAAAgAAJ                                                                                                                                                                                      
AAAMfPAAEAAAAAgAAK                                                                                                                                                                                      
AAAMfPAAEAAAAAgAAL                                                                                                                                                                                      
AAAMfPAAEAAAAAgAAM                                                                                                                                                                                      
AAAMfPAAEAAAAAgAAN                                                                                                                                                                                      

14 rows selected.

SQL> SELECT ROWNUM
  2  FROM EMP;

    ROWNUM                                                                                                                                                                                              
----------                                                                                                                                                                                              
         1                                                                                                                                                                                              
         2                                                                                                                                                                                              
         3                                                                                                                                                                                              
         4                                                                                                                                                                                              
         5                                                                                                                                                                                              
         6                                                                                                                                                                                              
         7                                                                                                                                                                                              
         8                                                                                                                                                                                              
         9                                                                                                                                                                                              
        10                                                                                                                                                                                              
        11                                                                                                                                                                                              
        12                                                                                                                                                                                              
        13                                                                                                                                                                                              
        14                                                                                                                                                                                              

14 rows selected.

SQL> SELECT EMP. *, ROWNUM
  2  FROM EMP;

     EMPNO ENAME      JOB              MGR HIREDATE         SAL       COMM     DEPTNO     ROWNUM                                                                                                        
---------- ---------- --------- ---------- --------- ---------- ---------- ---------- ----------                                                                                                        
      7369 SMITH      CLERK           7902 17-DEC-80        800                    20          1                                                                                                        
      7499 ALLEN      SALESMAN        7698 20-FEB-81       1600        300         30          2                                                                                                        
      7521 WARD       SALESMAN        7698 22-FEB-81       1250        500         30          3                                                                                                        
      7566 JONES      MANAGER         7839 02-APR-81       2975                    20          4                                                                                                        
      7654 MARTIN     SALESMAN        7698 28-SEP-81       1250       1400         30          5                                                                                                        
      7698 BLAKE      MANAGER         7839 01-MAY-81       2850                    30          6                                                                                                        
      7782 CLARK      MANAGER         7839 09-JUN-81       2450                    10          7                                                                                                        
      7788 SCOTT      ANALYST         7566 19-APR-87       3000                    20          8                                                                                                        
      7839 KING       PRESIDENT            17-NOV-81       5000                    10          9                                                                                                        
      7844 TURNER     SALESMAN        7698 08-SEP-81       1500          0         30         10                                                                                                        
      7876 ADAMS      CLERK           7788 23-MAY-87       1100                    20         11                                                                                                        
      7900 JAMES      CLERK           7698 03-DEC-81        950                    30         12                                                                                                        
      7902 FORD       ANALYST         7566 03-DEC-81       3000                    20         13                                                                                                        
      7934 MILLER     CLERK           7782 23-JAN-82       1300                    10         14                                                                                                        

14 rows selected.

SQL> SELECT EMP. ROWNUM, *
  2  FROM EMP;
SELECT EMP. ROWNUM, *
            *
ERROR at line 1:
ORA-01747: invalid user.table.column, table.column, or column specification 


SQL> SELECT EMP. *, ROWNUM
  2  FROM EMP
  3  WHERE HIREDATE LIKE "%81";
WHERE HIREDATE LIKE "%81"
                    *
ERROR at line 3:
ORA-00904: "%81": invalid identifier 


SQL> ED
Wrote file afiedt.buf

  1  SELECT EMP. *, ROWNUM
  2  FROM EMP
  3* WHERE HIREDATE LIKE '%81'
SQL> /

     EMPNO ENAME      JOB              MGR HIREDATE         SAL       COMM     DEPTNO     ROWNUM                                                                                                        
---------- ---------- --------- ---------- --------- ---------- ---------- ---------- ----------                                                                                                        
      7499 ALLEN      SALESMAN        7698 20-FEB-81       1600        300         30          1                                                                                                        
      7521 WARD       SALESMAN        7698 22-FEB-81       1250        500         30          2                                                                                                        
      7566 JONES      MANAGER         7839 02-APR-81       2975                    20          3                                                                                                        
      7654 MARTIN     SALESMAN        7698 28-SEP-81       1250       1400         30          4                                                                                                        
      7698 BLAKE      MANAGER         7839 01-MAY-81       2850                    30          5                                                                                                        
      7782 CLARK      MANAGER         7839 09-JUN-81       2450                    10          6                                                                                                        
      7839 KING       PRESIDENT            17-NOV-81       5000                    10          7                                                                                                        
      7844 TURNER     SALESMAN        7698 08-SEP-81       1500          0         30          8                                                                                                        
      7900 JAMES      CLERK           7698 03-DEC-81        950                    30          9                                                                                                        
      7902 FORD       ANALYST         7566 03-DEC-81       3000                    20         10                                                                                                        

10 rows selected.

SQL> SELECT *
  2  FROM EMP
  3  WHERE ROWNUM <= 5;

     EMPNO ENAME      JOB              MGR HIREDATE         SAL       COMM     DEPTNO                                                                                                                   
---------- ---------- --------- ---------- --------- ---------- ---------- ----------                                                                                                                   
      7369 SMITH      CLERK           7902 17-DEC-80        800                    20                                                                                                                   
      7499 ALLEN      SALESMAN        7698 20-FEB-81       1600        300         30                                                                                                                   
      7521 WARD       SALESMAN        7698 22-FEB-81       1250        500         30                                                                                                                   
      7566 JONES      MANAGER         7839 02-APR-81       2975                    20                                                                                                                   
      7654 MARTIN     SALESMAN        7698 28-SEP-81       1250       1400         30                                                                                                                   

SQL> SELECT *
  2  FROM EMP
  3  WHERE ROWNUM = 5;

no rows selected

SQL> SELECT EMP.*, ROWNUM
  2  FROM EMP
  3  WHERE ROWNUM = 5;

no rows selected

SQL> ED
Wrote file afiedt.buf

  1  SELECT EMP.*, ROWNUM
  2  FROM EMP
  3* WHERE ROWNUM = 5 AND ROWNUM<6
SQL> /

no rows selected

SQL> ED
Wrote file afiedt.buf

  1  SELECT EMP.*, ROWNUM
  2  FROM EMP
  3* WHERE ROWNUM >= 5 AND ROWNUM<6
SQL> /

no rows selected

SQL> ED
Wrote file afiedt.buf

  1  SELECT EMP.*, ROWNUM
  2  FROM EMP
  3* WHERE ROWNUM+4 = 5
SQL> /

     EMPNO ENAME      JOB              MGR HIREDATE         SAL       COMM     DEPTNO     ROWNUM                                                                                                        
---------- ---------- --------- ---------- --------- ---------- ---------- ---------- ----------                                                                                                        
      7369 SMITH      CLERK           7902 17-DEC-80        800                    20          1                                                                                                        

SQL> ED
Wrote file afiedt.buf

  1  SELECT EMP.*, ROWNUM
  2  FROM EMP
  3* WHERE ROWNUM >ALL (SELECT ROWNUM FROM EMP WHERE ROWNUM <= 5)
SQL> /

no rows selected

SQL> ED
Wrote file afiedt.buf

  1  SELECT EMP.*, ROWNUM
  2  FROM EMP
  3* WHERE ROWNUM >ALL (SELECT ROWNUM FROM EMP WHERE ROWNUM <=4)
SQL> /

no rows selected

SQL> ED
Wrote file afiedt.buf

  1  SELECT EMP.*, ROWNUM
  2  FROM EMP
  3* WHERE ROWNUM ALL (SELECT ROWNUM FROM EMP WHERE ROWNUM <= 4)
SQL> /
WHERE ROWNUM ALL (SELECT ROWNUM FROM EMP WHERE ROWNUM <= 4)
             *
ERROR at line 3:
ORA-00920: invalid relational operator 


SQL> ED
Wrote file afiedt.buf

  1  SELECT EMP.*, ROWNUM
  2  FROM EMP
  3* WHERE ROWNUM <ALL (SELECT ROWNUM FROM EMP WHERE ROWNUM <= 4)
SQL> /

     EMPNO ENAME      JOB              MGR HIREDATE         SAL       COMM     DEPTNO     ROWNUM                                                                                                        
---------- ---------- --------- ---------- --------- ---------- ---------- ---------- ----------                                                                                                        
      7369 SMITH      CLERK           7902 17-DEC-80        800                    20          1                                                                                                        
      7499 ALLEN      SALESMAN        7698 20-FEB-81       1600        300         30          2                                                                                                        
      7521 WARD       SALESMAN        7698 22-FEB-81       1250        500         30          3                                                                                                        
      7566 JONES      MANAGER         7839 02-APR-81       2975                    20          4                                                                                                        
      7654 MARTIN     SALESMAN        7698 28-SEP-81       1250       1400         30          5                                                                                                        
      7698 BLAKE      MANAGER         7839 01-MAY-81       2850                    30          6                                                                                                        
      7782 CLARK      MANAGER         7839 09-JUN-81       2450                    10          7                                                                                                        
      7788 SCOTT      ANALYST         7566 19-APR-87       3000                    20          8                                                                                                        
      7839 KING       PRESIDENT            17-NOV-81       5000                    10          9                                                                                                        
      7844 TURNER     SALESMAN        7698 08-SEP-81       1500          0         30         10                                                                                                        
      7876 ADAMS      CLERK           7788 23-MAY-87       1100                    20         11                                                                                                        
      7900 JAMES      CLERK           7698 03-DEC-81        950                    30         12                                                                                                        
      7902 FORD       ANALYST         7566 03-DEC-81       3000                    20         13                                                                                                        
      7934 MILLER     CLERK           7782 23-JAN-82       1300                    10         14                                                                                                        

14 rows selected.

SQL> ED
Wrote file afiedt.buf

  1  SELECT EMP.*, ROWNUM AS SNO
  2  FROM EMP
  3* WHERE SNO = 5
SQL> /
WHERE SNO = 5
      *
ERROR at line 3:
ORA-00904: "SNO": invalid identifier 


SQL> ED
Wrote file afiedt.buf

  1  SELECT EMP.*, ROWNUM AS SNO
  2  FROM EMP
  3* WHERE ROWNUM AS SNO = 5
SQL> /
WHERE ROWNUM AS SNO = 5
             *
ERROR at line 3:
ORA-00920: invalid relational operator 


SQL> ED
Wrote file afiedt.buf

  1  SELECT *
  2  FROM (SELECT EMP.*, ROWNUM AS SNO FROM EMP)
  3* WHERE SNO = 5
SQL> /

     EMPNO ENAME      JOB              MGR HIREDATE         SAL       COMM     DEPTNO        SNO                                                                                                        
---------- ---------- --------- ---------- --------- ---------- ---------- ---------- ----------                                                                                                        
      7654 MARTIN     SALESMAN        7698 28-SEP-81       1250       1400         30          5                                                                                                        

SQL> ed
Wrote file afiedt.buf

  1  SELECT *
  2  FROM (SELECT EMP.*, ROWNUM AS SNO FROM EMP)
  3* WHERE SNO < (ROWNUM - 5) 
SQL> /

no rows selected

SQL> ED
Wrote file afiedt.buf

  1  SELECT *
  2* FROM (SELECT EMP.*, ROWNUM AS SNO FROM EMP)
SQL> /

     EMPNO ENAME      JOB              MGR HIREDATE         SAL       COMM     DEPTNO        SNO                                                                                                        
---------- ---------- --------- ---------- --------- ---------- ---------- ---------- ----------                                                                                                        
      7369 SMITH      CLERK           7902 17-DEC-80        800                    20          1                                                                                                        
      7499 ALLEN      SALESMAN        7698 20-FEB-81       1600        300         30          2                                                                                                        
      7521 WARD       SALESMAN        7698 22-FEB-81       1250        500         30          3                                                                                                        
      7566 JONES      MANAGER         7839 02-APR-81       2975                    20          4                                                                                                        
      7654 MARTIN     SALESMAN        7698 28-SEP-81       1250       1400         30          5                                                                                                        
      7698 BLAKE      MANAGER         7839 01-MAY-81       2850                    30          6                                                                                                        
      7782 CLARK      MANAGER         7839 09-JUN-81       2450                    10          7                                                                                                        
      7788 SCOTT      ANALYST         7566 19-APR-87       3000                    20          8                                                                                                        
      7839 KING       PRESIDENT            17-NOV-81       5000                    10          9                                                                                                        
      7844 TURNER     SALESMAN        7698 08-SEP-81       1500          0         30         10                                                                                                        
      7876 ADAMS      CLERK           7788 23-MAY-87       1100                    20         11                                                                                                        
      7900 JAMES      CLERK           7698 03-DEC-81        950                    30         12                                                                                                        
      7902 FORD       ANALYST         7566 03-DEC-81       3000                    20         13                                                                                                        
      7934 MILLER     CLERK           7782 23-JAN-82       1300                    10         14                                                                                                        

14 rows selected.

SQL> ED
Wrote file afiedt.buf

  1  SELECT *
  2  FROM (SELECT EMP.*, ROWNUM AS SNO FROM EMP)
  3* WHERE SNO = ROWNUM
SQL> /

     EMPNO ENAME      JOB              MGR HIREDATE         SAL       COMM     DEPTNO        SNO                                                                                                        
---------- ---------- --------- ---------- --------- ---------- ---------- ---------- ----------                                                                                                        
      7369 SMITH      CLERK           7902 17-DEC-80        800                    20          1                                                                                                        
      7499 ALLEN      SALESMAN        7698 20-FEB-81       1600        300         30          2                                                                                                        
      7521 WARD       SALESMAN        7698 22-FEB-81       1250        500         30          3                                                                                                        
      7566 JONES      MANAGER         7839 02-APR-81       2975                    20          4                                                                                                        
      7654 MARTIN     SALESMAN        7698 28-SEP-81       1250       1400         30          5                                                                                                        
      7698 BLAKE      MANAGER         7839 01-MAY-81       2850                    30          6                                                                                                        
      7782 CLARK      MANAGER         7839 09-JUN-81       2450                    10          7                                                                                                        
      7788 SCOTT      ANALYST         7566 19-APR-87       3000                    20          8                                                                                                        
      7839 KING       PRESIDENT            17-NOV-81       5000                    10          9                                                                                                        
      7844 TURNER     SALESMAN        7698 08-SEP-81       1500          0         30         10                                                                                                        
      7876 ADAMS      CLERK           7788 23-MAY-87       1100                    20         11                                                                                                        
      7900 JAMES      CLERK           7698 03-DEC-81        950                    30         12                                                                                                        
      7902 FORD       ANALYST         7566 03-DEC-81       3000                    20         13                                                                                                        
      7934 MILLER     CLERK           7782 23-JAN-82       1300                    10         14                                                                                                        

14 rows selected.

SQL> ED
Wrote file afiedt.buf

  1  SELECT *
  2  FROM (SELECT EMP.*, ROWNUM AS SNO FROM EMP)
  3* WHERE SNO >= (SELECT COUNT(*)-5 FROM EMP)
SQL> /

     EMPNO ENAME      JOB              MGR HIREDATE         SAL       COMM     DEPTNO        SNO                                                                                                        
---------- ---------- --------- ---------- --------- ---------- ---------- ---------- ----------                                                                                                        
      7839 KING       PRESIDENT            17-NOV-81       5000                    10          9                                                                                                        
      7844 TURNER     SALESMAN        7698 08-SEP-81       1500          0         30         10                                                                                                        
      7876 ADAMS      CLERK           7788 23-MAY-87       1100                    20         11                                                                                                        
      7900 JAMES      CLERK           7698 03-DEC-81        950                    30         12                                                                                                        
      7902 FORD       ANALYST         7566 03-DEC-81       3000                    20         13                                                                                                        
      7934 MILLER     CLERK           7782 23-JAN-82       1300                    10         14                                                                                                        

6 rows selected.

SQL> ED
Wrote file afiedt.buf

  1  SELECT *
  2  FROM (SELECT EMP.*, ROWNUM AS SNO FROM EMP)
  3* WHERE SNO > (SELECT COUNT(*)-5 FROM EMP)
SQL> /

     EMPNO ENAME      JOB              MGR HIREDATE         SAL       COMM     DEPTNO        SNO                                                                                                        
---------- ---------- --------- ---------- --------- ---------- ---------- ---------- ----------                                                                                                        
      7844 TURNER     SALESMAN        7698 08-SEP-81       1500          0         30         10                                                                                                        
      7876 ADAMS      CLERK           7788 23-MAY-87       1100                    20         11                                                                                                        
      7900 JAMES      CLERK           7698 03-DEC-81        950                    30         12                                                                                                        
      7902 FORD       ANALYST         7566 03-DEC-81       3000                    20         13                                                                                                        
      7934 MILLER     CLERK           7782 23-JAN-82       1300                    10         14                                                                                                        

SQL> ED
Wrote file afiedt.buf

  1  SELECT MAX(SAL)
  2  FROM (SELECT EMP.*, ROWNUM AS SNO FROM EMP)
  3* WHERE SNO < 5+1
SQL> /

  MAX(SAL)                                                                                                                                                                                              
----------                                                                                                                                                                                              
      2975                                                                                                                                                                                              

SQL> ED
Wrote file afiedt.buf

  1  SELECT MAX(SAL)
  2  FROM (SELECT EMP.*, ROWNUM AS SNO FROM EMP)
  3* WHERE SNO <= 5
SQL> /

  MAX(SAL)                                                                                                                                                                                              
----------                                                                                                                                                                                              
      2975                                                                                                                                                                                              

SQL> ED
Wrote file afiedt.buf

  1  SELECT SAL
  2  FROM (SELECT SAL, ROWNUM AS SNO FROM (SELECT SAL FROM EMP ORDER BY SAL DESC))
  3* WHERE SNO = 5
SQL> /

       SAL                                                                                                                                                                                              
----------                                                                                                                                                                                              
      2850                                                                                                                                                                                              

SQL> ED
Wrote file afiedt.buf

  1  SELECT *
  2  FROM (SELECT SAL, ROWNUM AS SNO FROM (SELECT SAL FROM EMP ORDER BY SAL DESC))
  3* WHERE SNO = 1
SQL> /

       SAL        SNO                                                                                                                                                                                   
---------- ----------                                                                                                                                                                                   
      5000          1                                                                                                                                                                                   

SQL> ED
Wrote file afiedt.buf

  1  SELECT *
  2  FROM (SELECT SAL, ENAME, ROWNUM AS SNO FROM (SELECT SAL FROM EMP ORDER BY SAL DESC))
  3* WHERE SNO = 1
SQL> /
FROM (SELECT SAL, ENAME, ROWNUM AS SNO FROM (SELECT SAL FROM EMP ORDER BY SAL DESC))
                  *
ERROR at line 2:
ORA-00904: "ENAME": invalid identifier 


SQL> ED
Wrote file afiedt.buf

  1  SELECT *
  2  FROM (SELECT SAL, ENAME, ROWNUM AS SNO FROM (SELECT SAL,ENAME FROM EMP ORDER BY SAL DESC))
  3* WHERE SNO = 1
SQL> /

       SAL ENAME             SNO                                                                                                                                                                        
---------- ---------- ----------                                                                                                                                                                        
      5000 KING                1                                                                                                                                                                        

SQL> ED
Wrote file afiedt.buf

  1  SELECT *
  2  FROM (SELECT SAL, ENAME, ROWNUM AS SNO FROM (SELECT SAL,ENAME FROM EMP ORDER BY SAL DESC))
  3* WHERE SNO = 1
SQL> ED
Wrote file afiedt.buf

  1  SELECT *
  2  FROM (SELECT ENAME, SAL, ROWNUM AS SNO FROM (SELECT SAL,ENAME FROM EMP ORDER BY SAL DESC))
  3* WHERE SNO = 1
SQL> /

ENAME             SAL        SNO                                                                                                                                                                        
---------- ---------- ----------                                                                                                                                                                        
KING             5000          1                                                                                                                                                                        

SQL> ED
Wrote file afiedt.buf

  1  SELECT *
  2  FROM (SELECT ENAME, SAL, ROWNUM AS SNO FROM (SELECT SAL,ENAME FROM EMP ORDER BY SAL DESC))
  3* WHERE SNO = &N
SQL> /
Enter value for n: 2
old   3: WHERE SNO = &N
new   3: WHERE SNO = 2

ENAME             SAL        SNO                                                                                                                                                                        
---------- ---------- ----------                                                                                                                                                                        
FORD             3000          2                                                                                                                                                                        

SQL> /
Enter value for n: 14
old   3: WHERE SNO = &N
new   3: WHERE SNO = 14

ENAME             SAL        SNO                                                                                                                                                                        
---------- ---------- ----------                                                                                                                                                                        
SMITH             800         14                                                                                                                                                                        

SQL> SPOOL OFF;
