SQL> SELECT SAL
  2  FROM EMP;

       SAL                                                                                                                                                                                              
----------                                                                                                                                                                                              
       800                                                                                                                                                                                              
      1600                                                                                                                                                                                              
      1250                                                                                                                                                                                              
      2975                                                                                                                                                                                              
      1250                                                                                                                                                                                              
      2850                                                                                                                                                                                              
      2450                                                                                                                                                                                              
      3000                                                                                                                                                                                              
      5000                                                                                                                                                                                              
      1500                                                                                                                                                                                              
      1100                                                                                                                                                                                              
       950                                                                                                                                                                                              
      3000                                                                                                                                                                                              
      1300                                                                                                                                                                                              

14 rows selected.

SQL> SELECT SAL
  2  * 12
  3  FROM EMP;

    SAL*12                                                                                                                                                                                              
----------                                                                                                                                                                                              
      9600                                                                                                                                                                                              
     19200                                                                                                                                                                                              
     15000                                                                                                                                                                                              
     35700                                                                                                                                                                                              
     15000                                                                                                                                                                                              
     34200                                                                                                                                                                                              
     29400                                                                                                                                                                                              
     36000                                                                                                                                                                                              
     60000                                                                                                                                                                                              
     18000                                                                                                                                                                                              
     13200                                                                                                                                                                                              
     11400                                                                                                                                                                                              
     36000                                                                                                                                                                                              
     15600                                                                                                                                                                                              

14 rows selected.

SQL> SELECT SAL+100
  2  FROM EMP;

   SAL+100                                                                                                                                                                                              
----------                                                                                                                                                                                              
       900                                                                                                                                                                                              
      1700                                                                                                                                                                                              
      1350                                                                                                                                                                                              
      3075                                                                                                                                                                                              
      1350                                                                                                                                                                                              
      2950                                                                                                                                                                                              
      2550                                                                                                                                                                                              
      3100                                                                                                                                                                                              
      5100                                                                                                                                                                                              
      1600                                                                                                                                                                                              
      1200                                                                                                                                                                                              
      1050                                                                                                                                                                                              
      3100                                                                                                                                                                                              
      1400                                                                                                                                                                                              

14 rows selected.

SQL> SELECT SAL+300
  2  FROM EMP;

   SAL+300                                                                                                                                                                                              
----------                                                                                                                                                                                              
      1100                                                                                                                                                                                              
      1900                                                                                                                                                                                              
      1550                                                                                                                                                                                              
      3275                                                                                                                                                                                              
      1550                                                                                                                                                                                              
      3150                                                                                                                                                                                              
      2750                                                                                                                                                                                              
      3300                                                                                                                                                                                              
      5300                                                                                                                                                                                              
      1800                                                                                                                                                                                              
      1400                                                                                                                                                                                              
      1250                                                                                                                                                                                              
      3300                                                                                                                                                                                              
      1600                                                                                                                                                                                              

14 rows selected.

SQL> SELECT SAL-20
  2  
SQL> SELECT (SAL*12)-20%
  2  FROM EMP;
SELECT (SAL*12)-20%
                  *
ERROR at line 1:
ORA-00911: invalid character 


SQL> SELECT (SAL*12)-0.2
  2  FROM EMP;

(SAL*12)-0.2                                                                                                                                                                                            
------------                                                                                                                                                                                            
      9599.8                                                                                                                                                                                            
     19199.8                                                                                                                                                                                            
     14999.8                                                                                                                                                                                            
     35699.8                                                                                                                                                                                            
     14999.8                                                                                                                                                                                            
     34199.8                                                                                                                                                                                            
     29399.8                                                                                                                                                                                            
     35999.8                                                                                                                                                                                            
     59999.8                                                                                                                                                                                            
     17999.8                                                                                                                                                                                            
     13199.8                                                                                                                                                                                            
     11399.8                                                                                                                                                                                            
     35999.8                                                                                                                                                                                            
     15599.8                                                                                                                                                                                            

14 rows selected.

SQL> SELECT (SAL*12)-(SAL*0.2)
  2  FROM EMP;

(SAL*12)-(SAL*0.2)                                                                                                                                                                                      
------------------                                                                                                                                                                                      
              9440                                                                                                                                                                                      
             18880                                                                                                                                                                                      
             14750                                                                                                                                                                                      
             35105                                                                                                                                                                                      
             14750                                                                                                                                                                                      
             33630                                                                                                                                                                                      
             28910                                                                                                                                                                                      
             35400                                                                                                                                                                                      
             59000                                                                                                                                                                                      
             17700                                                                                                                                                                                      
             12980                                                                                                                                                                                      
             11210                                                                                                                                                                                      
             35400                                                                                                                                                                                      
             15340                                                                                                                                                                                      

14 rows selected.

SQL> SELECT * from emp;

     EMPNO ENAME      JOB              MGR HIREDATE         SAL       COMM     DEPTNO                                                                                                                   
---------- ---------- --------- ---------- --------- ---------- ---------- ----------                                                                                                                   
      7369 SMITH      CLERK           7902 17-DEC-80        800                    20                                                                                                                   
      7499 ALLEN      SALESMAN        7698 20-FEB-81       1600        300         30                                                                                                                   
      7521 WARD       SALESMAN        7698 22-FEB-81       1250        500         30                                                                                                                   
      7566 JONES      MANAGER         7839 02-APR-81       2975                    20                                                                                                                   
      7654 MARTIN     SALESMAN        7698 28-SEP-81       1250       1400         30                                                                                                                   
      7698 BLAKE      MANAGER         7839 01-MAY-81       2850                    30                                                                                                                   
      7782 CLARK      MANAGER         7839 09-JUN-81       2450                    10                                                                                                                   
      7788 SCOTT      ANALYST         7566 19-APR-87       3000                    20                                                                                                                   
      7839 KING       PRESIDENT            17-NOV-81       5000                    10                                                                                                                   
      7844 TURNER     SALESMAN        7698 08-SEP-81       1500          0         30                                                                                                                   
      7876 ADAMS      CLERK           7788 23-MAY-87       1100                    20                                                                                                                   
      7900 JAMES      CLERK           7698 03-DEC-81        950                    30                                                                                                                   
      7902 FORD       ANALYST         7566 03-DEC-81       3000                    20                                                                                                                   
      7934 MILLER     CLERK           7782 23-JAN-82       1300                    10                                                                                                                   

14 rows selected.

SQL> SELECT SAL+COMM
  2  FROM EMP;

  SAL+COMM                                                                                                                                                                                              
----------                                                                                                                                                                                              
                                                                                                                                                                                                        
      1900                                                                                                                                                                                              
      1750                                                                                                                                                                                              
                                                                                                                                                                                                        
      2650                                                                                                                                                                                              
                                                                                                                                                                                                        
                                                                                                                                                                                                        
                                                                                                                                                                                                        
                                                                                                                                                                                                        
      1500                                                                                                                                                                                              
                                                                                                                                                                                                        
                                                                                                                                                                                                        
                                                                                                                                                                                                        
                                                                                                                                                                                                        

14 rows selected.

SQL> SELECT *, SAL*12
  2  FROM EMP;
SELECT *, SAL*12
        *
ERROR at line 1:
ORA-00923: FROM keyword not found where expected 


SQL> SELECT EMPNO, ENAME, JOB,MGR,HIREDATE, SAL, COMM, DEPTNO, SAL
  2  FROM EMP;

     EMPNO ENAME      JOB              MGR HIREDATE         SAL       COMM     DEPTNO        SAL                                                                                                        
---------- ---------- --------- ---------- --------- ---------- ---------- ---------- ----------                                                                                                        
      7369 SMITH      CLERK           7902 17-DEC-80        800                    20        800                                                                                                        
      7499 ALLEN      SALESMAN        7698 20-FEB-81       1600        300         30       1600                                                                                                        
      7521 WARD       SALESMAN        7698 22-FEB-81       1250        500         30       1250                                                                                                        
      7566 JONES      MANAGER         7839 02-APR-81       2975                    20       2975                                                                                                        
      7654 MARTIN     SALESMAN        7698 28-SEP-81       1250       1400         30       1250                                                                                                        
      7698 BLAKE      MANAGER         7839 01-MAY-81       2850                    30       2850                                                                                                        
      7782 CLARK      MANAGER         7839 09-JUN-81       2450                    10       2450                                                                                                        
      7788 SCOTT      ANALYST         7566 19-APR-87       3000                    20       3000                                                                                                        
      7839 KING       PRESIDENT            17-NOV-81       5000                    10       5000                                                                                                        
      7844 TURNER     SALESMAN        7698 08-SEP-81       1500          0         30       1500                                                                                                        
      7876 ADAMS      CLERK           7788 23-MAY-87       1100                    20       1100                                                                                                        
      7900 JAMES      CLERK           7698 03-DEC-81        950                    30        950                                                                                                        
      7902 FORD       ANALYST         7566 03-DEC-81       3000                    20       3000                                                                                                        
      7934 MILLER     CLERK           7782 23-JAN-82       1300                    10       1300                                                                                                        

14 rows selected.

SQL> SELECT EMPNO, ENAME, JOB,MGR,HIREDATE, SAL, COMM, DEPTNO, SAL*12
  2  FROM EMP;

     EMPNO ENAME      JOB              MGR HIREDATE         SAL       COMM     DEPTNO     SAL*12                                                                                                        
---------- ---------- --------- ---------- --------- ---------- ---------- ---------- ----------                                                                                                        
      7369 SMITH      CLERK           7902 17-DEC-80        800                    20       9600                                                                                                        
      7499 ALLEN      SALESMAN        7698 20-FEB-81       1600        300         30      19200                                                                                                        
      7521 WARD       SALESMAN        7698 22-FEB-81       1250        500         30      15000                                                                                                        
      7566 JONES      MANAGER         7839 02-APR-81       2975                    20      35700                                                                                                        
      7654 MARTIN     SALESMAN        7698 28-SEP-81       1250       1400         30      15000                                                                                                        
      7698 BLAKE      MANAGER         7839 01-MAY-81       2850                    30      34200                                                                                                        
      7782 CLARK      MANAGER         7839 09-JUN-81       2450                    10      29400                                                                                                        
      7788 SCOTT      ANALYST         7566 19-APR-87       3000                    20      36000                                                                                                        
      7839 KING       PRESIDENT            17-NOV-81       5000                    10      60000                                                                                                        
      7844 TURNER     SALESMAN        7698 08-SEP-81       1500          0         30      18000                                                                                                        
      7876 ADAMS      CLERK           7788 23-MAY-87       1100                    20      13200                                                                                                        
      7900 JAMES      CLERK           7698 03-DEC-81        950                    30      11400                                                                                                        
      7902 FORD       ANALYST         7566 03-DEC-81       3000                    20      36000                                                                                                        
      7934 MILLER     CLERK           7782 23-JAN-82       1300                    10      15600                                                                                                        

14 rows selected.

SQL> SELECT SAL, SAL+COMM
  2  FROM EMP;

       SAL   SAL+COMM                                                                                                                                                                                   
---------- ----------                                                                                                                                                                                   
       800                                                                                                                                                                                              
      1600       1900                                                                                                                                                                                   
      1250       1750                                                                                                                                                                                   
      2975                                                                                                                                                                                              
      1250       2650                                                                                                                                                                                   
      2850                                                                                                                                                                                              
      2450                                                                                                                                                                                              
      3000                                                                                                                                                                                              
      5000                                                                                                                                                                                              
      1500       1500                                                                                                                                                                                   
      1100                                                                                                                                                                                              
       950                                                                                                                                                                                              
      3000                                                                                                                                                                                              
      1300                                                                                                                                                                                              

14 rows selected.

SQL> SELECT (SAL+(COMM+1))-1
  2  FROM EMP;

(SAL+(COMM+1))-1                                                                                                                                                                                        
----------------                                                                                                                                                                                        
                                                                                                                                                                                                        
            1900                                                                                                                                                                                        
            1750                                                                                                                                                                                        
                                                                                                                                                                                                        
            2650                                                                                                                                                                                        
                                                                                                                                                                                                        
                                                                                                                                                                                                        
                                                                                                                                                                                                        
                                                                                                                                                                                                        
            1500                                                                                                                                                                                        
                                                                                                                                                                                                        
                                                                                                                                                                                                        
                                                                                                                                                                                                        
                                                                                                                                                                                                        

14 rows selected.

SQL> SELECT SAL+COMM, IF(COMM == NULL)
  2  FROM EMP;
SELECT SAL+COMM, IF(COMM == NULL)
                         *
ERROR at line 1:
ORA-00907: missing right parenthesis 


SQL> spool off;
