SQL> select * from emp;

     EMPNO ENAME      JOB              MGR HIREDATE         SAL       COMM     DEPTNO                                                                                                                   
---------- ---------- --------- ---------- --------- ---------- ---------- ----------                                                                                                                   
      7369 SMITH      CLERK           7902 17-DEC-80        800                    20                                                                                                                   
      7499 ALLEN      SALESMAN        7698 20-FEB-81       1600        300         30                                                                                                                   
      7521 WARD       SALESMAN        7698 22-FEB-81       1250        500         30                                                                                                                   
      7566 JONES      MANAGER         7839 02-APR-81       2975                    20                                                                                                                   
      7654 MARTIN     SALESMAN        7698 28-SEP-81       1250       1400         30                                                                                                                   
      7698 BLAKE      MANAGER         7839 01-MAY-81       2850                    30                                                                                                                   
      7782 CLARK      MANAGER         7839 09-JUN-81       2450                    10                                                                                                                   
      7788 SCOTT      ANALYST         7566 19-APR-87       3000                    20                                                                                                                   
      7839 KING       PRESIDENT            17-NOV-81       5000                    10                                                                                                                   
      7844 TURNER     SALESMAN        7698 08-SEP-81       1500          0         30                                                                                                                   
      7876 ADAMS      CLERK           7788 23-MAY-87       1100                    20                                                                                                                   
      7900 JAMES      CLERK           7698 03-DEC-81        950                    30                                                                                                                   
      7902 FORD       ANALYST         7566 03-DEC-81       3000                    20                                                                                                                   
      7934 MILLER     CLERK           7782 23-JAN-82       1300                    10                                                                                                                   

14 rows selected.

SQL> SELECT SAL + NVL(COMM, 0) AS TOTAL_SALARY
  2  FROM EMP;

TOTAL_SALARY                                                                                                                                                                                            
------------                                                                                                                                                                                            
         800                                                                                                                                                                                            
        1900                                                                                                                                                                                            
        1750                                                                                                                                                                                            
        2975                                                                                                                                                                                            
        2650                                                                                                                                                                                            
        2850                                                                                                                                                                                            
        2450                                                                                                                                                                                            
        3000                                                                                                                                                                                            
        5000                                                                                                                                                                                            
        1500                                                                                                                                                                                            
        1100                                                                                                                                                                                            
         950                                                                                                                                                                                            
        3000                                                                                                                                                                                            
        1300                                                                                                                                                                                            

14 rows selected.

SQL> SELECT EMPNO, ENAME, JOB,MGR,HIREDATE, SAL, COMM, DEPTNO, SAL*12
  2  FROM EMP;

     EMPNO ENAME      JOB              MGR HIREDATE         SAL       COMM     DEPTNO     SAL*12                                                                                                        
---------- ---------- --------- ---------- --------- ---------- ---------- ---------- ----------                                                                                                        
      7369 SMITH      CLERK           7902 17-DEC-80        800                    20       9600                                                                                                        
      7499 ALLEN      SALESMAN        7698 20-FEB-81       1600        300         30      19200                                                                                                        
      7521 WARD       SALESMAN        7698 22-FEB-81       1250        500         30      15000                                                                                                        
      7566 JONES      MANAGER         7839 02-APR-81       2975                    20      35700                                                                                                        
      7654 MARTIN     SALESMAN        7698 28-SEP-81       1250       1400         30      15000                                                                                                        
      7698 BLAKE      MANAGER         7839 01-MAY-81       2850                    30      34200                                                                                                        
      7782 CLARK      MANAGER         7839 09-JUN-81       2450                    10      29400                                                                                                        
      7788 SCOTT      ANALYST         7566 19-APR-87       3000                    20      36000                                                                                                        
      7839 KING       PRESIDENT            17-NOV-81       5000                    10      60000                                                                                                        
      7844 TURNER     SALESMAN        7698 08-SEP-81       1500          0         30      18000                                                                                                        
      7876 ADAMS      CLERK           7788 23-MAY-87       1100                    20      13200                                                                                                        
      7900 JAMES      CLERK           7698 03-DEC-81        950                    30      11400                                                                                                        
      7902 FORD       ANALYST         7566 03-DEC-81       3000                    20      36000                                                                                                        
      7934 MILLER     CLERK           7782 23-JAN-82       1300                    10      15600                                                                                                        

14 rows selected.

SQL> SELECT *, SAL*12
  2  FROM EMP;
SELECT *, SAL*12
        *
ERROR at line 1:
ORA-00923: FROM keyword not found where expected 


SQL> SELECT * + SAL*12
  2  FROM EMP;
SELECT * + SAL*12
         *
ERROR at line 1:
ORA-00923: FROM keyword not found where expected 


SQL> SELECT ALL, SAL*!2
  2  FROM EMP;
SELECT ALL, SAL*!2
          *
ERROR at line 1:
ORA-00936: missing expression 


SQL> SELECT * FROM EMP, SELECT SAL*12 FROM EMP;
SELECT * FROM EMP, SELECT SAL*12 FROM EMP
                   *
ERROR at line 1:
ORA-00903: invalid table name 


SQL> SELECT * FROM EMP, SAL*12 FROM EMP;
SELECT * FROM EMP, SAL*12 FROM EMP
                      *
ERROR at line 1:
ORA-00933: SQL command not properly ended 


SQL> SELECT * FROM EMP, (SAL*12) FROM EMP;
SELECT * FROM EMP, (SAL*12) FROM EMP
                       *
ERROR at line 1:
ORA-00907: missing right parenthesis 


SQL> SELECT * FROM EMP, SAL FROM EMP;
SELECT * FROM EMP, SAL FROM EMP
                       *
ERROR at line 1:
ORA-00933: SQL command not properly ended 


SQL> SELECT */ SAL FROM EMP;
SELECT */ SAL FROM EMP
        *
ERROR at line 1:
ORA-00923: FROM keyword not found where expected 


SQL> SELECT * FROM EMP, SAL FROM EMP;
SELECT * FROM EMP, SAL FROM EMP
                       *
ERROR at line 1:
ORA-00933: SQL command not properly ended 


SQL> SELECT * FROM EMP; SELECT SAL FROM EMP;
SELECT * FROM EMP; SELECT SAL FROM EMP
                 *
ERROR at line 1:
ORA-00911: invalid character 


SQL> SELECT * FROM EMP,
  2  SELECT SAL FROM EMP;
SELECT SAL FROM EMP
*
ERROR at line 2:
ORA-00903: invalid table name 


SQL> SELECT * FROM EMP, SAL FROM EMP;
SELECT * FROM EMP, SAL FROM EMP
                       *
ERROR at line 1:
ORA-00933: SQL command not properly ended 


SQL> SELECT * FROM EMP ,
  2  ;

*
ERROR at line 2:
ORA-00903: invalid table name 


SQL> SELECT EMP. *, SAL*12
  2  FROM EMP;

     EMPNO ENAME      JOB              MGR HIREDATE         SAL       COMM     DEPTNO     SAL*12                                                                                                        
---------- ---------- --------- ---------- --------- ---------- ---------- ---------- ----------                                                                                                        
      7369 SMITH      CLERK           7902 17-DEC-80        800                    20       9600                                                                                                        
      7499 ALLEN      SALESMAN        7698 20-FEB-81       1600        300         30      19200                                                                                                        
      7521 WARD       SALESMAN        7698 22-FEB-81       1250        500         30      15000                                                                                                        
      7566 JONES      MANAGER         7839 02-APR-81       2975                    20      35700                                                                                                        
      7654 MARTIN     SALESMAN        7698 28-SEP-81       1250       1400         30      15000                                                                                                        
      7698 BLAKE      MANAGER         7839 01-MAY-81       2850                    30      34200                                                                                                        
      7782 CLARK      MANAGER         7839 09-JUN-81       2450                    10      29400                                                                                                        
      7788 SCOTT      ANALYST         7566 19-APR-87       3000                    20      36000                                                                                                        
      7839 KING       PRESIDENT            17-NOV-81       5000                    10      60000                                                                                                        
      7844 TURNER     SALESMAN        7698 08-SEP-81       1500          0         30      18000                                                                                                        
      7876 ADAMS      CLERK           7788 23-MAY-87       1100                    20      13200                                                                                                        
      7900 JAMES      CLERK           7698 03-DEC-81        950                    30      11400                                                                                                        
      7902 FORD       ANALYST         7566 03-DEC-81       3000                    20      36000                                                                                                        
      7934 MILLER     CLERK           7782 23-JAN-82       1300                    10      15600                                                                                                        

14 rows selected.

SQL> SELECT SAL*12 AS "ANNUAL_SAL"
  2  FROM EMP;

ANNUAL_SAL                                                                                                                                                                                              
----------                                                                                                                                                                                              
      9600                                                                                                                                                                                              
     19200                                                                                                                                                                                              
     15000                                                                                                                                                                                              
     35700                                                                                                                                                                                              
     15000                                                                                                                                                                                              
     34200                                                                                                                                                                                              
     29400                                                                                                                                                                                              
     36000                                                                                                                                                                                              
     60000                                                                                                                                                                                              
     18000                                                                                                                                                                                              
     13200                                                                                                                                                                                              
     11400                                                                                                                                                                                              
     36000                                                                                                                                                                                              
     15600                                                                                                                                                                                              

14 rows selected.

SQL> SELECT SAL*12 AS ANNUAL_SAL
  2  FROM EMP;

ANNUAL_SAL                                                                                                                                                                                              
----------                                                                                                                                                                                              
      9600                                                                                                                                                                                              
     19200                                                                                                                                                                                              
     15000                                                                                                                                                                                              
     35700                                                                                                                                                                                              
     15000                                                                                                                                                                                              
     34200                                                                                                                                                                                              
     29400                                                                                                                                                                                              
     36000                                                                                                                                                                                              
     60000                                                                                                                                                                                              
     18000                                                                                                                                                                                              
     13200                                                                                                                                                                                              
     11400                                                                                                                                                                                              
     36000                                                                                                                                                                                              
     15600                                                                                                                                                                                              

14 rows selected.

SQL> SELECT SAL*2 "HEELO"
  2  FROM EMP;

     HEELO                                                                                                                                                                                              
----------                                                                                                                                                                                              
      1600                                                                                                                                                                                              
      3200                                                                                                                                                                                              
      2500                                                                                                                                                                                              
      5950                                                                                                                                                                                              
      2500                                                                                                                                                                                              
      5700                                                                                                                                                                                              
      4900                                                                                                                                                                                              
      6000                                                                                                                                                                                              
     10000                                                                                                                                                                                              
      3000                                                                                                                                                                                              
      2200                                                                                                                                                                                              
      1900                                                                                                                                                                                              
      6000                                                                                                                                                                                              
      2600                                                                                                                                                                                              

14 rows selected.

SQL> SELECT SAL*12 HELLO
  2  FROM EMP;

     HELLO                                                                                                                                                                                              
----------                                                                                                                                                                                              
      9600                                                                                                                                                                                              
     19200                                                                                                                                                                                              
     15000                                                                                                                                                                                              
     35700                                                                                                                                                                                              
     15000                                                                                                                                                                                              
     34200                                                                                                                                                                                              
     29400                                                                                                                                                                                              
     36000                                                                                                                                                                                              
     60000                                                                                                                                                                                              
     18000                                                                                                                                                                                              
     13200                                                                                                                                                                                              
     11400                                                                                                                                                                                              
     36000                                                                                                                                                                                              
     15600                                                                                                                                                                                              

14 rows selected.

SQL> spool off;
