SQL> SELECT * FROM EMP;

     EMPNO ENAME      JOB              MGR HIREDATE         SAL       COMM     DEPTNO                                                                                                                   
---------- ---------- --------- ---------- --------- ---------- ---------- ----------                                                                                                                   
      7369 SMITH      CLERK           7902 17-DEC-80        800                    20                                                                                                                   
      7499 ALLEN      SALESMAN        7698 20-FEB-81       1600        300         30                                                                                                                   
      7521 WARD       SALESMAN        7698 22-FEB-81       1250        500         30                                                                                                                   
      7566 JONES      MANAGER         7839 02-APR-81       2975                    20                                                                                                                   
      7654 MARTIN     SALESMAN        7698 28-SEP-81       1250       1400         30                                                                                                                   
      7698 BLAKE      MANAGER         7839 01-MAY-81       2850                    30                                                                                                                   
      7782 CLARK      MANAGER         7839 09-JUN-81       2450                    10                                                                                                                   
      7788 SCOTT      ANALYST         7566 19-APR-87       3000                    20                                                                                                                   
      7839 KING       PRESIDENT            17-NOV-81       5000                    10                                                                                                                   
      7844 TURNER     SALESMAN        7698 08-SEP-81       1500          0         30                                                                                                                   
      7876 ADAMS      CLERK           7788 23-MAY-87       1100                    20                                                                                                                   
      7900 JAMES      CLERK           7698 03-DEC-81        950                    30                                                                                                                   
      7902 FORD       ANALYST         7566 03-DEC-81       3000                    20                                                                                                                   
      7934 MILLER     CLERK           7782 23-JAN-82       1300                    10                                                                                                                   

14 rows selected.

SQL>  SELECT ENAME
  2  FROM EMP;

ENAME                                                                                                                                                                                                   
----------                                                                                                                                                                                              
SMITH                                                                                                                                                                                                   
ALLEN                                                                                                                                                                                                   
WARD                                                                                                                                                                                                    
JONES                                                                                                                                                                                                   
MARTIN                                                                                                                                                                                                  
BLAKE                                                                                                                                                                                                   
CLARK                                                                                                                                                                                                   
SCOTT                                                                                                                                                                                                   
KING                                                                                                                                                                                                    
TURNER                                                                                                                                                                                                  
ADAMS                                                                                                                                                                                                   
JAMES                                                                                                                                                                                                   
FORD                                                                                                                                                                                                    
MILLER                                                                                                                                                                                                  

14 rows selected.

SQL> SELECT 'ENAME' || 'MR'
  2  FROM EMP;

'ENAME'                                                                                                                                                                                                 
-------                                                                                                                                                                                                 
ENAMEMR                                                                                                                                                                                                 
ENAMEMR                                                                                                                                                                                                 
ENAMEMR                                                                                                                                                                                                 
ENAMEMR                                                                                                                                                                                                 
ENAMEMR                                                                                                                                                                                                 
ENAMEMR                                                                                                                                                                                                 
ENAMEMR                                                                                                                                                                                                 
ENAMEMR                                                                                                                                                                                                 
ENAMEMR                                                                                                                                                                                                 
ENAMEMR                                                                                                                                                                                                 
ENAMEMR                                                                                                                                                                                                 
ENAMEMR                                                                                                                                                                                                 
ENAMEMR                                                                                                                                                                                                 
ENAMEMR                                                                                                                                                                                                 

14 rows selected.

SQL> SELECT 'MR' || ENAME
  2  FROM EMP;

'MR'||ENAME                                                                                                                                                                                             
------------                                                                                                                                                                                            
MRSMITH                                                                                                                                                                                                 
MRALLEN                                                                                                                                                                                                 
MRWARD                                                                                                                                                                                                  
MRJONES                                                                                                                                                                                                 
MRMARTIN                                                                                                                                                                                                
MRBLAKE                                                                                                                                                                                                 
MRCLARK                                                                                                                                                                                                 
MRSCOTT                                                                                                                                                                                                 
MRKING                                                                                                                                                                                                  
MRTURNER                                                                                                                                                                                                
MRADAMS                                                                                                                                                                                                 
MRJAMES                                                                                                                                                                                                 
MRFORD                                                                                                                                                                                                  
MRMILLER                                                                                                                                                                                                

14 rows selected.

SQL> SELECT 'MR ' || ENAME
  2  FROM EMP;

'MR'||ENAME                                                                                                                                                                                             
-------------                                                                                                                                                                                           
MR SMITH                                                                                                                                                                                                
MR ALLEN                                                                                                                                                                                                
MR WARD                                                                                                                                                                                                 
MR JONES                                                                                                                                                                                                
MR MARTIN                                                                                                                                                                                               
MR BLAKE                                                                                                                                                                                                
MR CLARK                                                                                                                                                                                                
MR SCOTT                                                                                                                                                                                                
MR KING                                                                                                                                                                                                 
MR TURNER                                                                                                                                                                                               
MR ADAMS                                                                                                                                                                                                
MR JAMES                                                                                                                                                                                                
MR FORD                                                                                                                                                                                                 
MR MILLER                                                                                                                                                                                               

14 rows selected.

SQL> SELECT 'HI! I AM ' || ENAME || 'WORKING AS A ' || JOB || ' IN DEPARTMENT ' || DEPTNO || ' AND EARNING SALARY OF ' || SAL
  2  FROM EMP;

'HI!IAM'||ENAME||'WORKINGASA'||JOB||'INDEPARTMENT'||DEPTNO||'ANDEARNINGSALARYOF'||SAL                                                                                                                   
---------------------------------------------------------------------------------------------------------------------------------------------------------------                                         
HI! I AM SMITHWORKING AS A CLERK IN DEPARTMENT 20 AND EARNING SALARY OF 800                                                                                                                             
HI! I AM ALLENWORKING AS A SALESMAN IN DEPARTMENT 30 AND EARNING SALARY OF 1600                                                                                                                         
HI! I AM WARDWORKING AS A SALESMAN IN DEPARTMENT 30 AND EARNING SALARY OF 1250                                                                                                                          
HI! I AM JONESWORKING AS A MANAGER IN DEPARTMENT 20 AND EARNING SALARY OF 2975                                                                                                                          
HI! I AM MARTINWORKING AS A SALESMAN IN DEPARTMENT 30 AND EARNING SALARY OF 1250                                                                                                                        
HI! I AM BLAKEWORKING AS A MANAGER IN DEPARTMENT 30 AND EARNING SALARY OF 2850                                                                                                                          
HI! I AM CLARKWORKING AS A MANAGER IN DEPARTMENT 10 AND EARNING SALARY OF 2450                                                                                                                          
HI! I AM SCOTTWORKING AS A ANALYST IN DEPARTMENT 20 AND EARNING SALARY OF 3000                                                                                                                          
HI! I AM KINGWORKING AS A PRESIDENT IN DEPARTMENT 10 AND EARNING SALARY OF 5000                                                                                                                         
HI! I AM TURNERWORKING AS A SALESMAN IN DEPARTMENT 30 AND EARNING SALARY OF 1500                                                                                                                        
HI! I AM ADAMSWORKING AS A CLERK IN DEPARTMENT 20 AND EARNING SALARY OF 1100                                                                                                                            
HI! I AM JAMESWORKING AS A CLERK IN DEPARTMENT 30 AND EARNING SALARY OF 950                                                                                                                             
HI! I AM FORDWORKING AS A ANALYST IN DEPARTMENT 20 AND EARNING SALARY OF 3000                                                                                                                           
HI! I AM MILLERWORKING AS A CLERK IN DEPARTMENT 10 AND EARNING SALARY OF 1300                                                                                                                           

14 rows selected.

SQL> SQL> SELECT 'HI! I AM ' || ENAME || 'WORKING AS A ' || JOB || ' IN DEPARTMENT ' || DEPTNO || ' AND E
SP2-0734: unknown command beginning "SQL> SELEC..." - rest of line ignored.
SQL> ARNING SALARY OF ' || SAL
SP2-0734: unknown command beginning "ARNING SAL..." - rest of line ignored.
SQL> SELECT 'HI! I AM ' || ENAME || ' WORKING AS A ' || JOB || ' IN DEPARTMENT ' || DEPTNO || ' AND EARNING SALARY OF ' || SAL
  2  FROM EMP;

'HI!IAM'||ENAME||'WORKINGASA'||JOB||'INDEPARTMENT'||DEPTNO||'ANDEARNINGSALARYOF'||SAL                                                                                                                   
----------------------------------------------------------------------------------------------------------------------------------------------------------------                                        
HI! I AM SMITH WORKING AS A CLERK IN DEPARTMENT 20 AND EARNING SALARY OF 800                                                                                                                            
HI! I AM ALLEN WORKING AS A SALESMAN IN DEPARTMENT 30 AND EARNING SALARY OF 1600                                                                                                                        
HI! I AM WARD WORKING AS A SALESMAN IN DEPARTMENT 30 AND EARNING SALARY OF 1250                                                                                                                         
HI! I AM JONES WORKING AS A MANAGER IN DEPARTMENT 20 AND EARNING SALARY OF 2975                                                                                                                         
HI! I AM MARTIN WORKING AS A SALESMAN IN DEPARTMENT 30 AND EARNING SALARY OF 1250                                                                                                                       
HI! I AM BLAKE WORKING AS A MANAGER IN DEPARTMENT 30 AND EARNING SALARY OF 2850                                                                                                                         
HI! I AM CLARK WORKING AS A MANAGER IN DEPARTMENT 10 AND EARNING SALARY OF 2450                                                                                                                         
HI! I AM SCOTT WORKING AS A ANALYST IN DEPARTMENT 20 AND EARNING SALARY OF 3000                                                                                                                         
HI! I AM KING WORKING AS A PRESIDENT IN DEPARTMENT 10 AND EARNING SALARY OF 5000                                                                                                                        
HI! I AM TURNER WORKING AS A SALESMAN IN DEPARTMENT 30 AND EARNING SALARY OF 1500                                                                                                                       
HI! I AM ADAMS WORKING AS A CLERK IN DEPARTMENT 20 AND EARNING SALARY OF 1100                                                                                                                           
HI! I AM JAMES WORKING AS A CLERK IN DEPARTMENT 30 AND EARNING SALARY OF 950                                                                                                                            
HI! I AM FORD WORKING AS A ANALYST IN DEPARTMENT 20 AND EARNING SALARY OF 3000                                                                                                                          
HI! I AM MILLER WORKING AS A CLERK IN DEPARTMENT 10 AND EARNING SALARY OF 1300                                                                                                                          

14 rows selected.

SQL> SELECT 'HI! I AM ' || ENAME || ' WORKING AS A ' || JOB || ' IN DEPARTMENT ' || DEPTNO || ' AND EARNING SALARY OF ' || SAL AS STATEMENT;
SELECT 'HI! I AM ' || ENAME || ' WORKING AS A ' || JOB || ' IN DEPARTMENT ' || DEPTNO || ' AND EARNING SALARY OF ' || SAL AS STATEMENT
                                                                                                                                     *
ERROR at line 1:
ORA-00923: FROM keyword not found where expected 


SQL> 
SQL> SELECT 'HI! I AM ' || ENAME || ' WORKING AS A ' || JOB || ' IN DEPARTMENT ' || DEPTNO || ' AND EARNING SALARY OF ' || SAL AS STATEMENT
  2  FROM EMP;

STATEMENT                                                                                                                                                                                               
----------------------------------------------------------------------------------------------------------------------------------------------------------------                                        
HI! I AM SMITH WORKING AS A CLERK IN DEPARTMENT 20 AND EARNING SALARY OF 800                                                                                                                            
HI! I AM ALLEN WORKING AS A SALESMAN IN DEPARTMENT 30 AND EARNING SALARY OF 1600                                                                                                                        
HI! I AM WARD WORKING AS A SALESMAN IN DEPARTMENT 30 AND EARNING SALARY OF 1250                                                                                                                         
HI! I AM JONES WORKING AS A MANAGER IN DEPARTMENT 20 AND EARNING SALARY OF 2975                                                                                                                         
HI! I AM MARTIN WORKING AS A SALESMAN IN DEPARTMENT 30 AND EARNING SALARY OF 1250                                                                                                                       
HI! I AM BLAKE WORKING AS A MANAGER IN DEPARTMENT 30 AND EARNING SALARY OF 2850                                                                                                                         
HI! I AM CLARK WORKING AS A MANAGER IN DEPARTMENT 10 AND EARNING SALARY OF 2450                                                                                                                         
HI! I AM SCOTT WORKING AS A ANALYST IN DEPARTMENT 20 AND EARNING SALARY OF 3000                                                                                                                         
HI! I AM KING WORKING AS A PRESIDENT IN DEPARTMENT 10 AND EARNING SALARY OF 5000                                                                                                                        
HI! I AM TURNER WORKING AS A SALESMAN IN DEPARTMENT 30 AND EARNING SALARY OF 1500                                                                                                                       
HI! I AM ADAMS WORKING AS A CLERK IN DEPARTMENT 20 AND EARNING SALARY OF 1100                                                                                                                           
HI! I AM JAMES WORKING AS A CLERK IN DEPARTMENT 30 AND EARNING SALARY OF 950                                                                                                                            
HI! I AM FORD WORKING AS A ANALYST IN DEPARTMENT 20 AND EARNING SALARY OF 3000                                                                                                                          
HI! I AM MILLER WORKING AS A CLERK IN DEPARTMENT 10 AND EARNING SALARY OF 1300                                                                                                                          

14 rows selected.

SQL> ED
Wrote file afiedt.buf

  1  SELECT 'HI! I AM ' || ENAME || ' WORKING AS A ' || JOB || ' IN DEPARTMENT ' || DEPTNO || ' AND EARNING SALARY OF ' || SAL AS "STATEMENTS OF EVERYONE"
  2* FROM EMP
SQL> 
SQL> ED
Wrote file afiedt.buf

  1  SELECT 'HI! I AM ' || ENAME || ' WORKING AS A ' || JOB || ' IN DEPARTMENT ' || DEPTNO || ' AND EARNING SALARY OF ' || SAL AS "STATEMENTS OF EVERYONE"
  2* FROM EMP
SQL> ;
  1  SELECT 'HI! I AM ' || ENAME || ' WORKING AS A ' || JOB || ' IN DEPARTMENT ' || DEPTNO || ' AND EARNING SALARY OF ' || SAL AS "STATEMENTS OF EVERYONE"
  2* FROM EMP
SQL> ;
  1  SELECT 'HI! I AM ' || ENAME || ' WORKING AS A ' || JOB || ' IN DEPARTMENT ' || DEPTNO || ' AND EARNING SALARY OF ' || SAL AS "STATEMENTS OF EVERYONE"
  2* FROM EMP
SQL> /

STATEMENTS OF EVERYONE                                                                                                                                                                                  
----------------------------------------------------------------------------------------------------------------------------------------------------------------                                        
HI! I AM SMITH WORKING AS A CLERK IN DEPARTMENT 20 AND EARNING SALARY OF 800                                                                                                                            
HI! I AM ALLEN WORKING AS A SALESMAN IN DEPARTMENT 30 AND EARNING SALARY OF 1600                                                                                                                        
HI! I AM WARD WORKING AS A SALESMAN IN DEPARTMENT 30 AND EARNING SALARY OF 1250                                                                                                                         
HI! I AM JONES WORKING AS A MANAGER IN DEPARTMENT 20 AND EARNING SALARY OF 2975                                                                                                                         
HI! I AM MARTIN WORKING AS A SALESMAN IN DEPARTMENT 30 AND EARNING SALARY OF 1250                                                                                                                       
HI! I AM BLAKE WORKING AS A MANAGER IN DEPARTMENT 30 AND EARNING SALARY OF 2850                                                                                                                         
HI! I AM CLARK WORKING AS A MANAGER IN DEPARTMENT 10 AND EARNING SALARY OF 2450                                                                                                                         
HI! I AM SCOTT WORKING AS A ANALYST IN DEPARTMENT 20 AND EARNING SALARY OF 3000                                                                                                                         
HI! I AM KING WORKING AS A PRESIDENT IN DEPARTMENT 10 AND EARNING SALARY OF 5000                                                                                                                        
HI! I AM TURNER WORKING AS A SALESMAN IN DEPARTMENT 30 AND EARNING SALARY OF 1500                                                                                                                       
HI! I AM ADAMS WORKING AS A CLERK IN DEPARTMENT 20 AND EARNING SALARY OF 1100                                                                                                                           
HI! I AM JAMES WORKING AS A CLERK IN DEPARTMENT 30 AND EARNING SALARY OF 950                                                                                                                            
HI! I AM FORD WORKING AS A ANALYST IN DEPARTMENT 20 AND EARNING SALARY OF 3000                                                                                                                          
HI! I AM MILLER WORKING AS A CLERK IN DEPARTMENT 10 AND EARNING SALARY OF 1300                                                                                                                          

14 rows selected.

SQL> SELECT *
  2  FROM EMP
  3  WHERE JOB = 'MANAGER' AND DEPTNO = 20;

     EMPNO ENAME      JOB              MGR HIREDATE         SAL       COMM     DEPTNO                                                                                                                   
---------- ---------- --------- ---------- --------- ---------- ---------- ----------                                                                                                                   
      7566 JONES      MANAGER         7839 02-APR-81       2975                    20                                                                                                                   

SQL> SELECT *
  2  FROM EMP
  3  WHERE JOB = 'SALESMAN' AND SAL<4000;

     EMPNO ENAME      JOB              MGR HIREDATE         SAL       COMM     DEPTNO                                                                                                                   
---------- ---------- --------- ---------- --------- ---------- ---------- ----------                                                                                                                   
      7499 ALLEN      SALESMAN        7698 20-FEB-81       1600        300         30                                                                                                                   
      7521 WARD       SALESMAN        7698 22-FEB-81       1250        500         30                                                                                                                   
      7654 MARTIN     SALESMAN        7698 28-SEP-81       1250       1400         30                                                                                                                   
      7844 TURNER     SALESMAN        7698 08-SEP-81       1500          0         30                                                                                                                   

SQL> SELECT ENAME, JOB, SAL
  2  FROM EMP
  3  WHERE SAL>2000 AND SAL<3000;

ENAME      JOB              SAL                                                                                                                                                                         
---------- --------- ----------                                                                                                                                                                         
JONES      MANAGER         2975                                                                                                                                                                         
BLAKE      MANAGER         2850                                                                                                                                                                         
CLARK      MANAGER         2450                                                                                                                                                                         

SQL> SELECT *
  2  FROM EMP
  3  WHERE HIREDATE>80 AND HIREDATE<82;
WHERE HIREDATE>80 AND HIREDATE<82
                              *
ERROR at line 3:
ORA-00932: inconsistent datatypes: expected DATE got NUMBER 


SQL> ED
Wrote file afiedt.buf

  1  SELECT *
  2  FROM EMP
  3* WHERE HIREDATE>'31-DEC-80' AND HIREDATE<'01-JAN-82'
SQL> /

     EMPNO ENAME      JOB              MGR HIREDATE         SAL       COMM     DEPTNO                                                                                                                   
---------- ---------- --------- ---------- --------- ---------- ---------- ----------                                                                                                                   
      7499 ALLEN      SALESMAN        7698 20-FEB-81       1600        300         30                                                                                                                   
      7521 WARD       SALESMAN        7698 22-FEB-81       1250        500         30                                                                                                                   
      7566 JONES      MANAGER         7839 02-APR-81       2975                    20                                                                                                                   
      7654 MARTIN     SALESMAN        7698 28-SEP-81       1250       1400         30                                                                                                                   
      7698 BLAKE      MANAGER         7839 01-MAY-81       2850                    30                                                                                                                   
      7782 CLARK      MANAGER         7839 09-JUN-81       2450                    10                                                                                                                   
      7839 KING       PRESIDENT            17-NOV-81       5000                    10                                                                                                                   
      7844 TURNER     SALESMAN        7698 08-SEP-81       1500          0         30                                                                                                                   
      7900 JAMES      CLERK           7698 03-DEC-81        950                    30                                                                                                                   
      7902 FORD       ANALYST         7566 03-DEC-81       3000                    20                                                                                                                   

10 rows selected.

SQL> SELECT *
  2  FROM EMP
  3  WHERE THIS>'' AND THIS <'';
WHERE THIS>'' AND THIS <''
                  *
ERROR at line 3:
ORA-00904: "THIS": invalid identifier 


SQL> ED
Wrote file afiedt.buf

  1  SELECT *
  2  FROM EMP
  3* WHERE JOB='MANAGER' AND JOB='SALESMAN'
SQL> /

no rows selected

SQL> ED
Wrote file afiedt.buf

  1  SELECT *
  2  FROM EMP
  3* WHERE JOB='MANAGER' OR JOB='SALESMAN'
SQL> /

     EMPNO ENAME      JOB              MGR HIREDATE         SAL       COMM     DEPTNO                                                                                                                   
---------- ---------- --------- ---------- --------- ---------- ---------- ----------                                                                                                                   
      7499 ALLEN      SALESMAN        7698 20-FEB-81       1600        300         30                                                                                                                   
      7521 WARD       SALESMAN        7698 22-FEB-81       1250        500         30                                                                                                                   
      7566 JONES      MANAGER         7839 02-APR-81       2975                    20                                                                                                                   
      7654 MARTIN     SALESMAN        7698 28-SEP-81       1250       1400         30                                                                                                                   
      7698 BLAKE      MANAGER         7839 01-MAY-81       2850                    30                                                                                                                   
      7782 CLARK      MANAGER         7839 09-JUN-81       2450                    10                                                                                                                   
      7844 TURNER     SALESMAN        7698 08-SEP-81       1500          0         30                                                                                                                   

7 rows selected.

SQL> SELECT *
  2  FROM EMP
  3  WHERE DEPTNO = 20 OR DEPTNO=30;

     EMPNO ENAME      JOB              MGR HIREDATE         SAL       COMM     DEPTNO                                                                                                                   
---------- ---------- --------- ---------- --------- ---------- ---------- ----------                                                                                                                   
      7369 SMITH      CLERK           7902 17-DEC-80        800                    20                                                                                                                   
      7499 ALLEN      SALESMAN        7698 20-FEB-81       1600        300         30                                                                                                                   
      7521 WARD       SALESMAN        7698 22-FEB-81       1250        500         30                                                                                                                   
      7566 JONES      MANAGER         7839 02-APR-81       2975                    20                                                                                                                   
      7654 MARTIN     SALESMAN        7698 28-SEP-81       1250       1400         30                                                                                                                   
      7698 BLAKE      MANAGER         7839 01-MAY-81       2850                    30                                                                                                                   
      7788 SCOTT      ANALYST         7566 19-APR-87       3000                    20                                                                                                                   
      7844 TURNER     SALESMAN        7698 08-SEP-81       1500          0         30                                                                                                                   
      7876 ADAMS      CLERK           7788 23-MAY-87       1100                    20                                                                                                                   
      7900 JAMES      CLERK           7698 03-DEC-81        950                    30                                                                                                                   
      7902 FORD       ANALYST         7566 03-DEC-81       3000                    20                                                                                                                   

11 rows selected.

SQL> spool off;
